2018-04-01 19:57:02,482 INFO org.apache.hadoop.hdfs.server.namenode.NameNode: STARTUP_MSG: 
/************************************************************
STARTUP_MSG: Starting NameNode
STARTUP_MSG:   host = bd18951cf78e/172.20.0.2
STARTUP_MSG:   args = []
STARTUP_MSG:   version = 2.7.1
STARTUP_MSG:   classpath = /usr/local/hadoop/etc/hadoop/:/usr/local/hadoop/share/hadoop/common/lib/jersey-json-1.9.jar:/usr/local/hadoop/share/hadoop/common/lib/jsch-0.1.42.jar:/usr/local/hadoop/share/hadoop/common/lib/commons-beanutils-core-1.8.0.jar:/usr/local/hadoop/share/hadoop/common/lib/jackson-jaxrs-1.9.13.jar:/usr/local/hadoop/share/hadoop/common/lib/log4j-1.2.17.jar:/usr/local/hadoop/share/hadoop/common/lib/junit-4.11.jar:/usr/local/hadoop/share/hadoop/common/lib/jetty-util-6.1.26.jar:/usr/local/hadoop/share/hadoop/common/lib/jsr305-3.0.0.jar:/usr/local/hadoop/share/hadoop/common/lib/curator-client-2.7.1.jar:/usr/local/hadoop/share/hadoop/common/lib/stax-api-1.0-2.jar:/usr/local/hadoop/share/hadoop/common/lib/jackson-core-asl-1.9.13.jar:/usr/local/hadoop/share/hadoop/common/lib/activation-1.1.jar:/usr/local/hadoop/share/hadoop/common/lib/mockito-all-1.8.5.jar:/usr/local/hadoop/share/hadoop/common/lib/jetty-6.1.26.jar:/usr/local/hadoop/share/hadoop/common/lib/commons-codec-1.4.jar:/usr/local/hadoop/share/hadoop/common/lib/curator-framework-2.7.1.jar:/usr/local/hadoop/share/hadoop/common/lib/commons-beanutils-1.7.0.jar:/usr/local/hadoop/share/hadoop/common/lib/slf4j-log4j12-1.7.10.jar:/usr/local/hadoop/share/hadoop/common/lib/guava-11.0.2.jar:/usr/local/hadoop/share/hadoop/common/lib/jersey-server-1.9.jar:/usr/local/hadoop/share/hadoop/common/lib/protobuf-java-2.5.0.jar:/usr/local/hadoop/share/hadoop/common/lib/apacheds-kerberos-codec-2.0.0-M15.jar:/usr/local/hadoop/share/hadoop/common/lib/curator-recipes-2.7.1.jar:/usr/local/hadoop/share/hadoop/common/lib/jaxb-api-2.2.2.jar:/usr/local/hadoop/share/hadoop/common/lib/commons-logging-1.1.3.jar:/usr/local/hadoop/share/hadoop/common/lib/slf4j-api-1.7.10.jar:/usr/local/hadoop/share/hadoop/common/lib/avro-1.7.4.jar:/usr/local/hadoop/share/hadoop/common/lib/apacheds-i18n-2.0.0-M15.jar:/usr/local/hadoop/share/hadoop/common/lib/commons-httpclient-3.1.jar:/usr/local/hadoop/share/hadoop/common/lib/commons-net-3.1.jar:/usr/local/hadoop/share/hadoop/common/lib/htrace-core-3.1.0-incubating.jar:/usr/local/hadoop/share/hadoop/common/lib/xmlenc-0.52.jar:/usr/local/hadoop/share/hadoop/common/lib/jaxb-impl-2.2.3-1.jar:/usr/local/hadoop/share/hadoop/common/lib/java-xmlbuilder-0.4.jar:/usr/local/hadoop/share/hadoop/common/lib/commons-digester-1.8.jar:/usr/local/hadoop/share/hadoop/common/lib/commons-math3-3.1.1.jar:/usr/local/hadoop/share/hadoop/common/lib/zookeeper-3.4.6.jar:/usr/local/hadoop/share/hadoop/common/lib/jsp-api-2.1.jar:/usr/local/hadoop/share/hadoop/common/lib/gson-2.2.4.jar:/usr/local/hadoop/share/hadoop/common/lib/snappy-java-1.0.4.1.jar:/usr/local/hadoop/share/hadoop/common/lib/servlet-api-2.5.jar:/usr/local/hadoop/share/hadoop/common/lib/jackson-xc-1.9.13.jar:/usr/local/hadoop/share/hadoop/common/lib/xz-1.0.jar:/usr/local/hadoop/share/hadoop/common/lib/jackson-mapper-asl-1.9.13.jar:/usr/local/hadoop/share/hadoop/common/lib/netty-3.6.2.Final.jar:/usr/local/hadoop/share/hadoop/common/lib/httpcore-4.2.5.jar:/usr/local/hadoop/share/hadoop/common/lib/api-asn1-api-1.0.0-M20.jar:/usr/local/hadoop/share/hadoop/common/lib/httpclient-4.2.5.jar:/usr/local/hadoop/share/hadoop/common/lib/hadoop-auth-2.7.1.jar:/usr/local/hadoop/share/hadoop/common/lib/commons-configuration-1.6.jar:/usr/local/hadoop/share/hadoop/common/lib/commons-collections-3.2.1.jar:/usr/local/hadoop/share/hadoop/common/lib/commons-compress-1.4.1.jar:/usr/local/hadoop/share/hadoop/common/lib/commons-cli-1.2.jar:/usr/local/hadoop/share/hadoop/common/lib/commons-lang-2.6.jar:/usr/local/hadoop/share/hadoop/common/lib/paranamer-2.3.jar:/usr/local/hadoop/share/hadoop/common/lib/jettison-1.1.jar:/usr/local/hadoop/share/hadoop/common/lib/jets3t-0.9.0.jar:/usr/local/hadoop/share/hadoop/common/lib/api-util-1.0.0-M20.jar:/usr/local/hadoop/share/hadoop/common/lib/jersey-core-1.9.jar:/usr/local/hadoop/share/hadoop/common/lib/commons-io-2.4.jar:/usr/local/hadoop/share/hadoop/common/lib/hadoop-annotations-2.7.1.jar:/usr/local/hadoop/share/hadoop/common/lib/asm-3.2.jar:/usr/local/hadoop/share/hadoop/common/lib/hamcrest-core-1.3.jar:/usr/local/hadoop/share/hadoop/common/hadoop-common-2.7.1-tests.jar:/usr/local/hadoop/share/hadoop/common/hadoop-nfs-2.7.1.jar:/usr/local/hadoop/share/hadoop/common/hadoop-common-2.7.1.jar:/usr/local/hadoop/share/hadoop/hdfs:/usr/local/hadoop/share/hadoop/hdfs/lib/log4j-1.2.17.jar:/usr/local/hadoop/share/hadoop/hdfs/lib/xml-apis-1.3.04.jar:/usr/local/hadoop/share/hadoop/hdfs/lib/jetty-util-6.1.26.jar:/usr/local/hadoop/share/hadoop/hdfs/lib/jsr305-3.0.0.jar:/usr/local/hadoop/share/hadoop/hdfs/lib/commons-daemon-1.0.13.jar:/usr/local/hadoop/share/hadoop/hdfs/lib/leveldbjni-all-1.8.jar:/usr/local/hadoop/share/hadoop/hdfs/lib/xercesImpl-2.9.1.jar:/usr/local/hadoop/share/hadoop/hdfs/lib/jackson-core-asl-1.9.13.jar:/usr/local/hadoop/share/hadoop/hdfs/lib/jetty-6.1.26.jar:/usr/local/hadoop/share/hadoop/hdfs/lib/commons-codec-1.4.jar:/usr/local/hadoop/share/hadoop/hdfs/lib/guava-11.0.2.jar:/usr/local/hadoop/share/hadoop/hdfs/lib/jersey-server-1.9.jar:/usr/local/hadoop/share/hadoop/hdfs/lib/protobuf-java-2.5.0.jar:/usr/local/hadoop/share/hadoop/hdfs/lib/commons-logging-1.1.3.jar:/usr/local/hadoop/share/hadoop/hdfs/lib/htrace-core-3.1.0-incubating.jar:/usr/local/hadoop/share/hadoop/hdfs/lib/xmlenc-0.52.jar:/usr/local/hadoop/share/hadoop/hdfs/lib/servlet-api-2.5.jar:/usr/local/hadoop/share/hadoop/hdfs/lib/jackson-mapper-asl-1.9.13.jar:/usr/local/hadoop/share/hadoop/hdfs/lib/netty-3.6.2.Final.jar:/usr/local/hadoop/share/hadoop/hdfs/lib/commons-cli-1.2.jar:/usr/local/hadoop/share/hadoop/hdfs/lib/commons-lang-2.6.jar:/usr/local/hadoop/share/hadoop/hdfs/lib/netty-all-4.0.23.Final.jar:/usr/local/hadoop/share/hadoop/hdfs/lib/jersey-core-1.9.jar:/usr/local/hadoop/share/hadoop/hdfs/lib/commons-io-2.4.jar:/usr/local/hadoop/share/hadoop/hdfs/lib/asm-3.2.jar:/usr/local/hadoop/share/hadoop/hdfs/hadoop-hdfs-2.7.1-tests.jar:/usr/local/hadoop/share/hadoop/hdfs/hadoop-hdfs-nfs-2.7.1.jar:/usr/local/hadoop/share/hadoop/hdfs/hadoop-hdfs-2.7.1.jar:/usr/local/hadoop/share/hadoop/yarn/lib/jersey-json-1.9.jar:/usr/local/hadoop/share/hadoop/yarn/lib/jersey-guice-1.9.jar:/usr/local/hadoop/share/hadoop/yarn/lib/jackson-jaxrs-1.9.13.jar:/usr/local/hadoop/share/hadoop/yarn/lib/log4j-1.2.17.jar:/usr/local/hadoop/share/hadoop/yarn/lib/guice-3.0.jar:/usr/local/hadoop/share/hadoop/yarn/lib/aopalliance-1.0.jar:/usr/local/hadoop/share/hadoop/yarn/lib/jetty-util-6.1.26.jar:/usr/local/hadoop/share/hadoop/yarn/lib/jsr305-3.0.0.jar:/usr/local/hadoop/share/hadoop/yarn/lib/stax-api-1.0-2.jar:/usr/local/hadoop/share/hadoop/yarn/lib/leveldbjni-all-1.8.jar:/usr/local/hadoop/share/hadoop/yarn/lib/jackson-core-asl-1.9.13.jar:/usr/local/hadoop/share/hadoop/yarn/lib/activation-1.1.jar:/usr/local/hadoop/share/hadoop/yarn/lib/jetty-6.1.26.jar:/usr/local/hadoop/share/hadoop/yarn/lib/commons-codec-1.4.jar:/usr/local/hadoop/share/hadoop/yarn/lib/guice-servlet-3.0.jar:/usr/local/hadoop/share/hadoop/yarn/lib/guava-11.0.2.jar:/usr/local/hadoop/share/hadoop/yarn/lib/jersey-server-1.9.jar:/usr/local/hadoop/share/hadoop/yarn/lib/protobuf-java-2.5.0.jar:/usr/local/hadoop/share/hadoop/yarn/lib/jaxb-api-2.2.2.jar:/usr/local/hadoop/share/hadoop/yarn/lib/commons-logging-1.1.3.jar:/usr/local/hadoop/share/hadoop/yarn/lib/jaxb-impl-2.2.3-1.jar:/usr/local/hadoop/share/hadoop/yarn/lib/zookeeper-3.4.6.jar:/usr/local/hadoop/share/hadoop/yarn/lib/servlet-api-2.5.jar:/usr/local/hadoop/share/hadoop/yarn/lib/jackson-xc-1.9.13.jar:/usr/local/hadoop/share/hadoop/yarn/lib/xz-1.0.jar:/usr/local/hadoop/share/hadoop/yarn/lib/jackson-mapper-asl-1.9.13.jar:/usr/local/hadoop/share/hadoop/yarn/lib/netty-3.6.2.Final.jar:/usr/local/hadoop/share/hadoop/yarn/lib/jersey-client-1.9.jar:/usr/local/hadoop/share/hadoop/yarn/lib/javax.inject-1.jar:/usr/local/hadoop/share/hadoop/yarn/lib/commons-collections-3.2.1.jar:/usr/local/hadoop/share/hadoop/yarn/lib/commons-compress-1.4.1.jar:/usr/local/hadoop/share/hadoop/yarn/lib/commons-cli-1.2.jar:/usr/local/hadoop/share/hadoop/yarn/lib/zookeeper-3.4.6-tests.jar:/usr/local/hadoop/share/hadoop/yarn/lib/commons-lang-2.6.jar:/usr/local/hadoop/share/hadoop/yarn/lib/jettison-1.1.jar:/usr/local/hadoop/share/hadoop/yarn/lib/jersey-core-1.9.jar:/usr/local/hadoop/share/hadoop/yarn/lib/commons-io-2.4.jar:/usr/local/hadoop/share/hadoop/yarn/lib/asm-3.2.jar:/usr/local/hadoop/share/hadoop/yarn/hadoop-yarn-api-2.7.1.jar:/usr/local/hadoop/share/hadoop/yarn/hadoop-yarn-server-nodemanager-2.7.1.jar:/usr/local/hadoop/share/hadoop/yarn/hadoop-yarn-server-resourcemanager-2.7.1.jar:/usr/local/hadoop/share/hadoop/yarn/hadoop-yarn-client-2.7.1.jar:/usr/local/hadoop/share/hadoop/yarn/hadoop-yarn-registry-2.7.1.jar:/usr/local/hadoop/share/hadoop/yarn/hadoop-yarn-common-2.7.1.jar:/usr/local/hadoop/share/hadoop/yarn/hadoop-yarn-server-common-2.7.1.jar:/usr/local/hadoop/share/hadoop/yarn/hadoop-yarn-applications-distributedshell-2.7.1.jar:/usr/local/hadoop/share/hadoop/yarn/hadoop-yarn-server-applicationhistoryservice-2.7.1.jar:/usr/local/hadoop/share/hadoop/yarn/hadoop-yarn-applications-unmanaged-am-launcher-2.7.1.jar:/usr/local/hadoop/share/hadoop/yarn/hadoop-yarn-server-tests-2.7.1.jar:/usr/local/hadoop/share/hadoop/yarn/hadoop-yarn-server-sharedcachemanager-2.7.1.jar:/usr/local/hadoop/share/hadoop/yarn/hadoop-yarn-server-web-proxy-2.7.1.jar:/usr/local/hadoop/share/hadoop/mapreduce/lib/jersey-guice-1.9.jar:/usr/local/hadoop/share/hadoop/mapreduce/lib/log4j-1.2.17.jar:/usr/local/hadoop/share/hadoop/mapreduce/lib/guice-3.0.jar:/usr/local/hadoop/share/hadoop/mapreduce/lib/aopalliance-1.0.jar:/usr/local/hadoop/share/hadoop/mapreduce/lib/junit-4.11.jar:/usr/local/hadoop/share/hadoop/mapreduce/lib/leveldbjni-all-1.8.jar:/usr/local/hadoop/share/hadoop/mapreduce/lib/jackson-core-asl-1.9.13.jar:/usr/local/hadoop/share/hadoop/mapreduce/lib/guice-servlet-3.0.jar:/usr/local/hadoop/share/hadoop/mapreduce/lib/jersey-server-1.9.jar:/usr/local/hadoop/share/hadoop/mapreduce/lib/protobuf-java-2.5.0.jar:/usr/local/hadoop/share/hadoop/mapreduce/lib/avro-1.7.4.jar:/usr/local/hadoop/share/hadoop/mapreduce/lib/snappy-java-1.0.4.1.jar:/usr/local/hadoop/share/hadoop/mapreduce/lib/xz-1.0.jar:/usr/local/hadoop/share/hadoop/mapreduce/lib/jackson-mapper-asl-1.9.13.jar:/usr/local/hadoop/share/hadoop/mapreduce/lib/netty-3.6.2.Final.jar:/usr/local/hadoop/share/hadoop/mapreduce/lib/javax.inject-1.jar:/usr/local/hadoop/share/hadoop/mapreduce/lib/commons-compress-1.4.1.jar:/usr/local/hadoop/share/hadoop/mapreduce/lib/paranamer-2.3.jar:/usr/local/hadoop/share/hadoop/mapreduce/lib/jersey-core-1.9.jar:/usr/local/hadoop/share/hadoop/mapreduce/lib/commons-io-2.4.jar:/usr/local/hadoop/share/hadoop/mapreduce/lib/hadoop-annotations-2.7.1.jar:/usr/local/hadoop/share/hadoop/mapreduce/lib/asm-3.2.jar:/usr/local/hadoop/share/hadoop/mapreduce/lib/hamcrest-core-1.3.jar:/usr/local/hadoop/share/hadoop/mapreduce/hadoop-mapreduce-client-jobclient-2.7.1-tests.jar:/usr/local/hadoop/share/hadoop/mapreduce/hadoop-mapreduce-client-app-2.7.1.jar:/usr/local/hadoop/share/hadoop/mapreduce/hadoop-mapreduce-client-jobclient-2.7.1.jar:/usr/local/hadoop/share/hadoop/mapreduce/hadoop-mapreduce-client-core-2.7.1.jar:/usr/local/hadoop/share/hadoop/mapreduce/hadoop-mapreduce-client-common-2.7.1.jar:/usr/local/hadoop/share/hadoop/mapreduce/hadoop-mapreduce-client-hs-2.7.1.jar:/usr/local/hadoop/share/hadoop/mapreduce/hadoop-mapreduce-client-hs-plugins-2.7.1.jar:/usr/local/hadoop/share/hadoop/mapreduce/hadoop-mapreduce-client-shuffle-2.7.1.jar:/usr/local/hadoop/share/hadoop/mapreduce/hadoop-mapreduce-examples-2.7.1.jar:/usr/local/hadoop/contrib/capacity-scheduler/*.jar:/usr/local/hadoop/contrib/capacity-scheduler/*.jar:/usr/local/hadoop/contrib/capacity-scheduler/*.jar
STARTUP_MSG:   build = https://git-wip-us.apache.org/repos/asf/hadoop.git -r 15ecc87ccf4a0228f35af08fc56de536e6ce657a; compiled by 'jenkins' on 2015-06-29T06:04Z
STARTUP_MSG:   java = 1.7.0_71
************************************************************/
2018-04-01 19:57:02,489 INFO org.apache.hadoop.hdfs.server.namenode.NameNode: registered UNIX signal handlers for [TERM, HUP, INT]
2018-04-01 19:57:02,494 INFO org.apache.hadoop.hdfs.server.namenode.NameNode: createNameNode []
2018-04-01 19:57:02,793 INFO org.apache.hadoop.metrics2.impl.MetricsConfig: loaded properties from hadoop-metrics2.properties
2018-04-01 19:57:02,864 INFO org.apache.hadoop.metrics2.impl.MetricsSystemImpl: Scheduled snapshot period at 10 second(s).
2018-04-01 19:57:02,864 INFO org.apache.hadoop.metrics2.impl.MetricsSystemImpl: NameNode metrics system started
2018-04-01 19:57:02,866 INFO org.apache.hadoop.hdfs.server.namenode.NameNode: fs.defaultFS is hdfs://bd18951cf78e:9000
2018-04-01 19:57:02,866 INFO org.apache.hadoop.hdfs.server.namenode.NameNode: Clients are to use bd18951cf78e:9000 to access this namenode/service.
2018-04-01 19:57:02,976 WARN org.apache.hadoop.util.NativeCodeLoader: Unable to load native-hadoop library for your platform... using builtin-java classes where applicable
2018-04-01 19:57:03,152 INFO org.apache.hadoop.hdfs.DFSUtil: Starting Web-server for hdfs at: http://0.0.0.0:50070
2018-04-01 19:57:03,204 INFO org.mortbay.log: Logging to org.slf4j.impl.Log4jLoggerAdapter(org.mortbay.log) via org.mortbay.log.Slf4jLog
2018-04-01 19:57:03,212 INFO org.apache.hadoop.security.authentication.server.AuthenticationFilter: Unable to initialize FileSignerSecretProvider, falling back to use random secrets.
2018-04-01 19:57:03,217 INFO org.apache.hadoop.http.HttpRequestLog: Http request log for http.requests.namenode is not defined
2018-04-01 19:57:03,222 INFO org.apache.hadoop.http.HttpServer2: Added global filter 'safety' (class=org.apache.hadoop.http.HttpServer2$QuotingInputFilter)
2018-04-01 19:57:03,226 INFO org.apache.hadoop.http.HttpServer2: Added filter static_user_filter (class=org.apache.hadoop.http.lib.StaticUserWebFilter$StaticUserFilter) to context hdfs
2018-04-01 19:57:03,226 INFO org.apache.hadoop.http.HttpServer2: Added filter static_user_filter (class=org.apache.hadoop.http.lib.StaticUserWebFilter$StaticUserFilter) to context logs
2018-04-01 19:57:03,226 INFO org.apache.hadoop.http.HttpServer2: Added filter static_user_filter (class=org.apache.hadoop.http.lib.StaticUserWebFilter$StaticUserFilter) to context static
2018-04-01 19:57:03,256 INFO org.apache.hadoop.http.HttpServer2: Added filter 'org.apache.hadoop.hdfs.web.AuthFilter' (class=org.apache.hadoop.hdfs.web.AuthFilter)
2018-04-01 19:57:03,258 INFO org.apache.hadoop.http.HttpServer2: addJerseyResourcePackage: packageName=org.apache.hadoop.hdfs.server.namenode.web.resources;org.apache.hadoop.hdfs.web.resources, pathSpec=/webhdfs/v1/*
2018-04-01 19:57:03,272 INFO org.apache.hadoop.http.HttpServer2: Jetty bound to port 50070
2018-04-01 19:57:03,272 INFO org.mortbay.log: jetty-6.1.26
2018-04-01 19:57:03,424 INFO org.mortbay.log: Started HttpServer2$SelectChannelConnectorWithSafeStartup@0.0.0.0:50070
2018-04-01 19:57:03,465 WARN org.apache.hadoop.hdfs.server.namenode.FSNamesystem: Only one image storage directory (dfs.namenode.name.dir) configured. Beware of data loss due to lack of redundant storage directories!
2018-04-01 19:57:03,465 WARN org.apache.hadoop.hdfs.server.namenode.FSNamesystem: Only one namespace edits storage directory (dfs.namenode.edits.dir) configured. Beware of data loss due to lack of redundant storage directories!
2018-04-01 19:57:03,506 INFO org.apache.hadoop.hdfs.server.namenode.FSNamesystem: No KeyProvider found.
2018-04-01 19:57:03,507 INFO org.apache.hadoop.hdfs.server.namenode.FSNamesystem: fsLock is fair:true
2018-04-01 19:57:03,540 INFO org.apache.hadoop.hdfs.server.blockmanagement.DatanodeManager: dfs.block.invalidate.limit=1000
2018-04-01 19:57:03,540 INFO org.apache.hadoop.hdfs.server.blockmanagement.DatanodeManager: dfs.namenode.datanode.registration.ip-hostname-check=true
2018-04-01 19:57:03,541 INFO org.apache.hadoop.hdfs.server.blockmanagement.BlockManager: dfs.namenode.startup.delay.block.deletion.sec is set to 000:00:00:00.000
2018-04-01 19:57:03,542 INFO org.apache.hadoop.hdfs.server.blockmanagement.BlockManager: The block deletion will start around 2018 Apr 01 19:57:03
2018-04-01 19:57:03,543 INFO org.apache.hadoop.util.GSet: Computing capacity for map BlocksMap
2018-04-01 19:57:03,543 INFO org.apache.hadoop.util.GSet: VM type       = 64-bit
2018-04-01 19:57:03,544 INFO org.apache.hadoop.util.GSet: 2.0% max memory 889 MB = 17.8 MB
2018-04-01 19:57:03,544 INFO org.apache.hadoop.util.GSet: capacity      = 2^21 = 2097152 entries
2018-04-01 19:57:03,550 INFO org.apache.hadoop.hdfs.server.blockmanagement.BlockManager: dfs.block.access.token.enable=false
2018-04-01 19:57:03,550 INFO org.apache.hadoop.hdfs.server.blockmanagement.BlockManager: defaultReplication         = 1
2018-04-01 19:57:03,550 INFO org.apache.hadoop.hdfs.server.blockmanagement.BlockManager: maxReplication             = 512
2018-04-01 19:57:03,550 INFO org.apache.hadoop.hdfs.server.blockmanagement.BlockManager: minReplication             = 1
2018-04-01 19:57:03,550 INFO org.apache.hadoop.hdfs.server.blockmanagement.BlockManager: maxReplicationStreams      = 2
2018-04-01 19:57:03,550 INFO org.apache.hadoop.hdfs.server.blockmanagement.BlockManager: shouldCheckForEnoughRacks  = false
2018-04-01 19:57:03,550 INFO org.apache.hadoop.hdfs.server.blockmanagement.BlockManager: replicationRecheckInterval = 3000
2018-04-01 19:57:03,550 INFO org.apache.hadoop.hdfs.server.blockmanagement.BlockManager: encryptDataTransfer        = false
2018-04-01 19:57:03,550 INFO org.apache.hadoop.hdfs.server.blockmanagement.BlockManager: maxNumBlocksToLog          = 1000
2018-04-01 19:57:03,555 INFO org.apache.hadoop.hdfs.server.namenode.FSNamesystem: fsOwner             = root (auth:SIMPLE)
2018-04-01 19:57:03,555 INFO org.apache.hadoop.hdfs.server.namenode.FSNamesystem: supergroup          = supergroup
2018-04-01 19:57:03,555 INFO org.apache.hadoop.hdfs.server.namenode.FSNamesystem: isPermissionEnabled = true
2018-04-01 19:57:03,555 INFO org.apache.hadoop.hdfs.server.namenode.FSNamesystem: HA Enabled: false
2018-04-01 19:57:03,556 INFO org.apache.hadoop.hdfs.server.namenode.FSNamesystem: Append Enabled: true
2018-04-01 19:57:03,679 INFO org.apache.hadoop.util.GSet: Computing capacity for map INodeMap
2018-04-01 19:57:03,680 INFO org.apache.hadoop.util.GSet: VM type       = 64-bit
2018-04-01 19:57:03,680 INFO org.apache.hadoop.util.GSet: 1.0% max memory 889 MB = 8.9 MB
2018-04-01 19:57:03,680 INFO org.apache.hadoop.util.GSet: capacity      = 2^20 = 1048576 entries
2018-04-01 19:57:03,680 INFO org.apache.hadoop.hdfs.server.namenode.FSDirectory: ACLs enabled? false
2018-04-01 19:57:03,680 INFO org.apache.hadoop.hdfs.server.namenode.FSDirectory: XAttrs enabled? true
2018-04-01 19:57:03,680 INFO org.apache.hadoop.hdfs.server.namenode.FSDirectory: Maximum size of an xattr: 16384
2018-04-01 19:57:03,681 INFO org.apache.hadoop.hdfs.server.namenode.NameNode: Caching file names occuring more than 10 times
2018-04-01 19:57:03,687 INFO org.apache.hadoop.util.GSet: Computing capacity for map cachedBlocks
2018-04-01 19:57:03,687 INFO org.apache.hadoop.util.GSet: VM type       = 64-bit
2018-04-01 19:57:03,687 INFO org.apache.hadoop.util.GSet: 0.25% max memory 889 MB = 2.2 MB
2018-04-01 19:57:03,687 INFO org.apache.hadoop.util.GSet: capacity      = 2^18 = 262144 entries
2018-04-01 19:57:03,688 INFO org.apache.hadoop.hdfs.server.namenode.FSNamesystem: dfs.namenode.safemode.threshold-pct = 0.9990000128746033
2018-04-01 19:57:03,688 INFO org.apache.hadoop.hdfs.server.namenode.FSNamesystem: dfs.namenode.safemode.min.datanodes = 0
2018-04-01 19:57:03,688 INFO org.apache.hadoop.hdfs.server.namenode.FSNamesystem: dfs.namenode.safemode.extension     = 30000
2018-04-01 19:57:03,691 INFO org.apache.hadoop.hdfs.server.namenode.top.metrics.TopMetrics: NNTop conf: dfs.namenode.top.window.num.buckets = 10
2018-04-01 19:57:03,691 INFO org.apache.hadoop.hdfs.server.namenode.top.metrics.TopMetrics: NNTop conf: dfs.namenode.top.num.users = 10
2018-04-01 19:57:03,691 INFO org.apache.hadoop.hdfs.server.namenode.top.metrics.TopMetrics: NNTop conf: dfs.namenode.top.windows.minutes = 1,5,25
2018-04-01 19:57:03,692 INFO org.apache.hadoop.hdfs.server.namenode.FSNamesystem: Retry cache on namenode is enabled
2018-04-01 19:57:03,692 INFO org.apache.hadoop.hdfs.server.namenode.FSNamesystem: Retry cache will use 0.03 of total heap and retry cache entry expiry time is 600000 millis
2018-04-01 19:57:03,694 INFO org.apache.hadoop.util.GSet: Computing capacity for map NameNodeRetryCache
2018-04-01 19:57:03,694 INFO org.apache.hadoop.util.GSet: VM type       = 64-bit
2018-04-01 19:57:03,694 INFO org.apache.hadoop.util.GSet: 0.029999999329447746% max memory 889 MB = 273.1 KB
2018-04-01 19:57:03,694 INFO org.apache.hadoop.util.GSet: capacity      = 2^15 = 32768 entries
2018-04-01 19:57:03,714 INFO org.apache.hadoop.hdfs.server.common.Storage: Lock on /tmp/hadoop-root/dfs/name/in_use.lock acquired by nodename 128@bd18951cf78e
2018-04-01 19:57:03,805 INFO org.apache.hadoop.hdfs.server.namenode.FileJournalManager: Recovering unfinalized segments in /tmp/hadoop-root/dfs/name/current
2018-04-01 19:57:03,915 INFO org.apache.hadoop.hdfs.server.namenode.FileJournalManager: Finalizing edits file /tmp/hadoop-root/dfs/name/current/edits_inprogress_0000000000000000004 -> /tmp/hadoop-root/dfs/name/current/edits_0000000000000000004-0000000000000000191
2018-04-01 19:57:03,977 INFO org.apache.hadoop.hdfs.server.namenode.FSImageFormatPBINode: Loading 1 INodes.
2018-04-01 19:57:04,017 INFO org.apache.hadoop.hdfs.server.namenode.FSImageFormatProtobuf: Loaded FSImage in 0 seconds.
2018-04-01 19:57:04,017 INFO org.apache.hadoop.hdfs.server.namenode.FSImage: Loaded image for txid 0 from /tmp/hadoop-root/dfs/name/current/fsimage_0000000000000000000
2018-04-01 19:57:04,017 INFO org.apache.hadoop.hdfs.server.namenode.FSImage: Reading org.apache.hadoop.hdfs.server.namenode.RedundantEditLogInputStream@4112054e expecting start txid #1
2018-04-01 19:57:04,017 INFO org.apache.hadoop.hdfs.server.namenode.FSImage: Start loading edits file /tmp/hadoop-root/dfs/name/current/edits_0000000000000000001-0000000000000000003
2018-04-01 19:57:04,019 INFO org.apache.hadoop.hdfs.server.namenode.EditLogInputStream: Fast-forwarding stream '/tmp/hadoop-root/dfs/name/current/edits_0000000000000000001-0000000000000000003' to transaction ID 1
2018-04-01 19:57:04,032 INFO org.apache.hadoop.hdfs.server.namenode.FSImage: Edits file /tmp/hadoop-root/dfs/name/current/edits_0000000000000000001-0000000000000000003 of size 1048576 edits # 3 loaded in 0 seconds
2018-04-01 19:57:04,033 INFO org.apache.hadoop.hdfs.server.namenode.FSImage: Reading org.apache.hadoop.hdfs.server.namenode.RedundantEditLogInputStream@61a6542 expecting start txid #4
2018-04-01 19:57:04,033 INFO org.apache.hadoop.hdfs.server.namenode.FSImage: Start loading edits file /tmp/hadoop-root/dfs/name/current/edits_0000000000000000004-0000000000000000191
2018-04-01 19:57:04,033 INFO org.apache.hadoop.hdfs.server.namenode.EditLogInputStream: Fast-forwarding stream '/tmp/hadoop-root/dfs/name/current/edits_0000000000000000004-0000000000000000191' to transaction ID 1
2018-04-01 19:57:04,080 INFO org.apache.hadoop.hdfs.server.namenode.FSImage: Edits file /tmp/hadoop-root/dfs/name/current/edits_0000000000000000004-0000000000000000191 of size 1048576 edits # 188 loaded in 0 seconds
2018-04-01 19:57:04,081 INFO org.apache.hadoop.hdfs.server.namenode.FSNamesystem: Need to save fs image? true (staleImage=true, haEnabled=false, isRollingUpgrade=false)
2018-04-01 19:57:04,081 INFO org.apache.hadoop.hdfs.server.namenode.FSImage: Save namespace ...
2018-04-01 19:57:04,124 INFO org.apache.hadoop.hdfs.server.namenode.NNStorageRetentionManager: Going to retain 2 images with txid >= 0
2018-04-01 19:57:04,136 INFO org.apache.hadoop.hdfs.server.namenode.FSEditLog: Starting log segment at 192
2018-04-01 19:57:04,189 INFO org.apache.hadoop.hdfs.server.namenode.NameCache: initialized with 0 entries 0 lookups
2018-04-01 19:57:04,190 INFO org.apache.hadoop.hdfs.server.namenode.FSNamesystem: Finished loading FSImage in 493 msecs
2018-04-01 19:57:04,333 INFO org.apache.hadoop.hdfs.server.namenode.NameNode: RPC server is binding to bd18951cf78e:9000
2018-04-01 19:57:04,338 INFO org.apache.hadoop.ipc.CallQueueManager: Using callQueue class java.util.concurrent.LinkedBlockingQueue
2018-04-01 19:57:04,349 INFO org.apache.hadoop.ipc.Server: Starting Socket Reader #1 for port 9000
2018-04-01 19:57:04,374 INFO org.apache.hadoop.hdfs.server.namenode.FSNamesystem: Registered FSNamesystemState MBean
2018-04-01 19:57:04,380 INFO org.apache.hadoop.hdfs.server.namenode.LeaseManager: Number of blocks under construction: 0
2018-04-01 19:57:04,380 INFO org.apache.hadoop.hdfs.server.namenode.LeaseManager: Number of blocks under construction: 0
2018-04-01 19:57:04,381 INFO org.apache.hadoop.hdfs.StateChange: STATE* Safe mode ON. 
The reported blocks 0 needs additional 31 blocks to reach the threshold 0.9990 of total blocks 31.
The number of live datanodes 0 has reached the minimum number 0. Safe mode will be turned off automatically once the thresholds have been reached.
2018-04-01 19:57:04,387 INFO org.apache.hadoop.hdfs.server.blockmanagement.DatanodeDescriptor: Number of failed storage changes from 0 to 0
2018-04-01 19:57:04,426 INFO org.apache.hadoop.ipc.Server: IPC Server Responder: starting
2018-04-01 19:57:04,426 INFO org.apache.hadoop.ipc.Server: IPC Server listener on 9000: starting
2018-04-01 19:57:04,428 INFO org.apache.hadoop.hdfs.server.namenode.NameNode: NameNode RPC up at: bd18951cf78e/172.20.0.2:9000
2018-04-01 19:57:04,428 INFO org.apache.hadoop.hdfs.server.namenode.FSNamesystem: Starting services required for active state
2018-04-01 19:57:04,431 INFO org.apache.hadoop.hdfs.server.blockmanagement.CacheReplicationMonitor: Starting CacheReplicationMonitor with interval 30000 milliseconds
2018-04-01 19:57:08,505 INFO org.apache.hadoop.hdfs.StateChange: BLOCK* registerDatanode: from DatanodeRegistration(172.20.0.2:50010, datanodeUuid=5c2745ab-8b04-406c-a9d7-c513e9d8983b, infoPort=50075, infoSecurePort=0, ipcPort=50020, storageInfo=lv=-56;cid=CID-5e691286-4de5-4dde-800b-c02a7a8bf44a;nsid=1995885711;c=0) storage 5c2745ab-8b04-406c-a9d7-c513e9d8983b
2018-04-01 19:57:08,505 INFO org.apache.hadoop.hdfs.server.blockmanagement.DatanodeDescriptor: Number of failed storage changes from 0 to 0
2018-04-01 19:57:08,505 INFO org.apache.hadoop.net.NetworkTopology: Adding a new node: /default-rack/172.20.0.2:50010
2018-04-01 19:57:08,566 INFO org.apache.hadoop.hdfs.server.blockmanagement.DatanodeDescriptor: Number of failed storage changes from 0 to 0
2018-04-01 19:57:08,566 INFO org.apache.hadoop.hdfs.server.blockmanagement.DatanodeDescriptor: Adding new storage ID DS-ef9a5443-f667-4e9d-8725-f14df066e7d7 for DN 172.20.0.2:50010
2018-04-01 19:57:08,608 INFO org.apache.hadoop.hdfs.StateChange: STATE* Safe mode extension entered. 
The reported blocks 30 has reached the threshold 0.9990 of total blocks 31. The number of live datanodes 1 has reached the minimum number 0. In safe mode extension. Safe mode will be turned off automatically in 30 seconds.
2018-04-01 19:57:08,608 INFO org.apache.hadoop.hdfs.server.namenode.FSNamesystem: initializing replication queues
2018-04-01 19:57:08,609 INFO BlockStateChange: BLOCK* processReport: from storage DS-ef9a5443-f667-4e9d-8725-f14df066e7d7 node DatanodeRegistration(172.20.0.2:50010, datanodeUuid=5c2745ab-8b04-406c-a9d7-c513e9d8983b, infoPort=50075, infoSecurePort=0, ipcPort=50020, storageInfo=lv=-56;cid=CID-5e691286-4de5-4dde-800b-c02a7a8bf44a;nsid=1995885711;c=0), blocks: 31, hasStaleStorage: false, processing time: 6 msecs
2018-04-01 19:57:08,610 INFO org.apache.hadoop.hdfs.server.blockmanagement.BlockManager: Total number of blocks            = 31
2018-04-01 19:57:08,610 INFO org.apache.hadoop.hdfs.server.blockmanagement.BlockManager: Number of invalid blocks          = 0
2018-04-01 19:57:08,610 INFO org.apache.hadoop.hdfs.server.blockmanagement.BlockManager: Number of under-replicated blocks = 0
2018-04-01 19:57:08,610 INFO org.apache.hadoop.hdfs.server.blockmanagement.BlockManager: Number of  over-replicated blocks = 0
2018-04-01 19:57:08,610 INFO org.apache.hadoop.hdfs.server.blockmanagement.BlockManager: Number of blocks being written    = 0
2018-04-01 19:57:08,610 INFO org.apache.hadoop.hdfs.StateChange: STATE* Replication Queue initialization scan for invalid, over- and under-replicated blocks completed in 2 msec
2018-04-01 19:57:28,612 INFO org.apache.hadoop.hdfs.StateChange: STATE* Safe mode ON, in safe mode extension. 
The reported blocks 31 has reached the threshold 0.9990 of total blocks 31. The number of live datanodes 1 has reached the minimum number 0. In safe mode extension. Safe mode will be turned off automatically in 9 seconds.
2018-04-01 19:57:38,614 INFO org.apache.hadoop.hdfs.StateChange: STATE* Leaving safe mode after 35 secs
2018-04-01 19:57:38,614 INFO org.apache.hadoop.hdfs.StateChange: STATE* Safe mode is OFF
2018-04-01 19:57:38,614 INFO org.apache.hadoop.hdfs.StateChange: STATE* Network topology has 1 racks and 1 datanodes
2018-04-01 19:57:38,614 INFO org.apache.hadoop.hdfs.StateChange: STATE* UnderReplicatedBlocks has 0 blocks
2018-04-01 19:57:42,521 INFO org.apache.hadoop.hdfs.StateChange: BLOCK* allocate blk_1073741856_1032{UCState=UNDER_CONSTRUCTION, truncateBlock=null, primaryNodeIndex=-1, replicas=[ReplicaUC[[DISK]DS-ef9a5443-f667-4e9d-8725-f14df066e7d7:NORMAL:172.20.0.2:50010|RBW]]} for /user/root/purchases.txt.gz._COPYING_
2018-04-01 19:57:42,904 INFO org.apache.hadoop.hdfs.server.namenode.FSNamesystem: BLOCK* blk_1073741856_1032{UCState=COMMITTED, truncateBlock=null, primaryNodeIndex=-1, replicas=[ReplicaUC[[DISK]DS-ef9a5443-f667-4e9d-8725-f14df066e7d7:NORMAL:172.20.0.2:50010|RBW]]} is not COMPLETE (ucState = COMMITTED, replication# = 0 <  minimum = 1) in file /user/root/purchases.txt.gz._COPYING_
2018-04-01 19:57:42,904 INFO org.apache.hadoop.hdfs.server.namenode.EditLogFileOutputStream: Nothing to flush
2018-04-01 19:57:42,919 INFO BlockStateChange: BLOCK* addStoredBlock: blockMap updated: 172.20.0.2:50010 is added to blk_1073741856_1032{UCState=COMMITTED, truncateBlock=null, primaryNodeIndex=-1, replicas=[ReplicaUC[[DISK]DS-ef9a5443-f667-4e9d-8725-f14df066e7d7:NORMAL:172.20.0.2:50010|RBW]]} size 38454568
2018-04-01 19:57:43,314 INFO org.apache.hadoop.hdfs.StateChange: DIR* completeFile: /user/root/purchases.txt.gz._COPYING_ is closed by DFSClient_NONMAPREDUCE_-1158758834_1
2018-04-01 19:57:59,440 INFO org.apache.hadoop.hdfs.StateChange: BLOCK* allocate blk_1073741857_1033{UCState=UNDER_CONSTRUCTION, truncateBlock=null, primaryNodeIndex=-1, replicas=[ReplicaUC[[DISK]DS-ef9a5443-f667-4e9d-8725-f14df066e7d7:NORMAL:172.20.0.2:50010|RBW]]} for /tmp/hadoop-yarn/staging/root/.staging/job_1522627038528_0001/job.jar
2018-04-01 19:57:59,558 INFO BlockStateChange: BLOCK* addStoredBlock: blockMap updated: 172.20.0.2:50010 is added to blk_1073741857_1033{UCState=UNDER_CONSTRUCTION, truncateBlock=null, primaryNodeIndex=-1, replicas=[ReplicaUC[[DISK]DS-ef9a5443-f667-4e9d-8725-f14df066e7d7:NORMAL:172.20.0.2:50010|RBW]]} size 0
2018-04-01 19:57:59,563 INFO org.apache.hadoop.hdfs.StateChange: DIR* completeFile: /tmp/hadoop-yarn/staging/root/.staging/job_1522627038528_0001/job.jar is closed by DFSClient_NONMAPREDUCE_-1638518877_1
2018-04-01 19:57:59,571 INFO org.apache.hadoop.hdfs.server.blockmanagement.BlockManager: Increasing replication from 1 to 10 for /tmp/hadoop-yarn/staging/root/.staging/job_1522627038528_0001/job.jar
2018-04-01 19:57:59,664 INFO org.apache.hadoop.hdfs.server.blockmanagement.BlockManager: Increasing replication from 1 to 10 for /tmp/hadoop-yarn/staging/root/.staging/job_1522627038528_0001/job.split
2018-04-01 19:57:59,676 INFO org.apache.hadoop.hdfs.StateChange: BLOCK* allocate blk_1073741858_1034{UCState=UNDER_CONSTRUCTION, truncateBlock=null, primaryNodeIndex=-1, replicas=[ReplicaUC[[DISK]DS-ef9a5443-f667-4e9d-8725-f14df066e7d7:NORMAL:172.20.0.2:50010|RBW]]} for /tmp/hadoop-yarn/staging/root/.staging/job_1522627038528_0001/job.split
2018-04-01 19:57:59,684 INFO BlockStateChange: BLOCK* addStoredBlock: blockMap updated: 172.20.0.2:50010 is added to blk_1073741858_1034{UCState=UNDER_CONSTRUCTION, truncateBlock=null, primaryNodeIndex=-1, replicas=[ReplicaUC[[DISK]DS-ef9a5443-f667-4e9d-8725-f14df066e7d7:NORMAL:172.20.0.2:50010|RBW]]} size 0
2018-04-01 19:57:59,687 INFO org.apache.hadoop.hdfs.StateChange: DIR* completeFile: /tmp/hadoop-yarn/staging/root/.staging/job_1522627038528_0001/job.split is closed by DFSClient_NONMAPREDUCE_-1638518877_1
2018-04-01 19:57:59,699 INFO org.apache.hadoop.hdfs.StateChange: BLOCK* allocate blk_1073741859_1035{UCState=UNDER_CONSTRUCTION, truncateBlock=null, primaryNodeIndex=-1, replicas=[ReplicaUC[[DISK]DS-ef9a5443-f667-4e9d-8725-f14df066e7d7:NORMAL:172.20.0.2:50010|RBW]]} for /tmp/hadoop-yarn/staging/root/.staging/job_1522627038528_0001/job.splitmetainfo
2018-04-01 19:57:59,706 INFO BlockStateChange: BLOCK* addStoredBlock: blockMap updated: 172.20.0.2:50010 is added to blk_1073741859_1035{UCState=UNDER_CONSTRUCTION, truncateBlock=null, primaryNodeIndex=-1, replicas=[ReplicaUC[[DISK]DS-ef9a5443-f667-4e9d-8725-f14df066e7d7:NORMAL:172.20.0.2:50010|RBW]]} size 0
2018-04-01 19:57:59,715 INFO org.apache.hadoop.hdfs.StateChange: DIR* completeFile: /tmp/hadoop-yarn/staging/root/.staging/job_1522627038528_0001/job.splitmetainfo is closed by DFSClient_NONMAPREDUCE_-1638518877_1
2018-04-01 19:57:59,853 INFO org.apache.hadoop.hdfs.StateChange: BLOCK* allocate blk_1073741860_1036{UCState=UNDER_CONSTRUCTION, truncateBlock=null, primaryNodeIndex=-1, replicas=[ReplicaUC[[DISK]DS-ef9a5443-f667-4e9d-8725-f14df066e7d7:NORMAL:172.20.0.2:50010|RBW]]} for /tmp/hadoop-yarn/staging/root/.staging/job_1522627038528_0001/job.xml
2018-04-01 19:57:59,868 INFO BlockStateChange: BLOCK* addStoredBlock: blockMap updated: 172.20.0.2:50010 is added to blk_1073741860_1036{UCState=UNDER_CONSTRUCTION, truncateBlock=null, primaryNodeIndex=-1, replicas=[ReplicaUC[[DISK]DS-ef9a5443-f667-4e9d-8725-f14df066e7d7:NORMAL:172.20.0.2:50010|RBW]]} size 0
2018-04-01 19:57:59,870 INFO org.apache.hadoop.hdfs.StateChange: DIR* completeFile: /tmp/hadoop-yarn/staging/root/.staging/job_1522627038528_0001/job.xml is closed by DFSClient_NONMAPREDUCE_-1638518877_1
2018-04-01 19:58:03,799 INFO org.apache.hadoop.hdfs.server.namenode.FSEditLog: Number of transactions: 42 Total time for transactions(ms): 10 Number of transactions batched in Syncs: 0 Number of syncs: 28 SyncTimes(ms): 98 
2018-04-01 19:58:05,132 INFO org.apache.hadoop.hdfs.StateChange: BLOCK* allocate blk_1073741861_1037{UCState=UNDER_CONSTRUCTION, truncateBlock=null, primaryNodeIndex=-1, replicas=[ReplicaUC[[DISK]DS-ef9a5443-f667-4e9d-8725-f14df066e7d7:NORMAL:172.20.0.2:50010|RBW]]} for /tmp/hadoop-yarn/staging/root/.staging/job_1522627038528_0001/job_1522627038528_0001_1_conf.xml
2018-04-01 19:58:05,199 INFO BlockStateChange: BLOCK* addStoredBlock: blockMap updated: 172.20.0.2:50010 is added to blk_1073741861_1037{UCState=UNDER_CONSTRUCTION, truncateBlock=null, primaryNodeIndex=-1, replicas=[ReplicaUC[[DISK]DS-ef9a5443-f667-4e9d-8725-f14df066e7d7:NORMAL:172.20.0.2:50010|RBW]]} size 0
2018-04-01 19:58:05,205 INFO org.apache.hadoop.hdfs.StateChange: DIR* completeFile: /tmp/hadoop-yarn/staging/root/.staging/job_1522627038528_0001/job_1522627038528_0001_1_conf.xml is closed by DFSClient_NONMAPREDUCE_2073071541_1
2018-04-01 19:58:15,094 INFO org.apache.hadoop.hdfs.server.namenode.FSNamesystem: Roll Edit Log from 172.20.0.2
2018-04-01 19:58:15,107 INFO org.apache.hadoop.hdfs.server.namenode.FSEditLog: Rolling edit logs
2018-04-01 19:58:15,107 INFO org.apache.hadoop.hdfs.server.namenode.FSEditLog: Ending log segment 192
2018-04-01 19:58:15,130 INFO org.apache.hadoop.hdfs.server.namenode.FSEditLog: Number of transactions: 61 Total time for transactions(ms): 22 Number of transactions batched in Syncs: 0 Number of syncs: 38 SyncTimes(ms): 148 
2018-04-01 19:58:15,135 INFO org.apache.hadoop.hdfs.server.namenode.FileJournalManager: Finalizing edits file /tmp/hadoop-root/dfs/name/current/edits_inprogress_0000000000000000192 -> /tmp/hadoop-root/dfs/name/current/edits_0000000000000000192-0000000000000000252
2018-04-01 19:58:15,137 INFO org.apache.hadoop.hdfs.server.namenode.FSEditLog: Starting log segment at 253
2018-04-01 19:58:15,176 INFO org.apache.hadoop.hdfs.StateChange: BLOCK* allocate blk_1073741862_1038{UCState=UNDER_CONSTRUCTION, truncateBlock=null, primaryNodeIndex=-1, replicas=[ReplicaUC[[DISK]DS-ef9a5443-f667-4e9d-8725-f14df066e7d7:NORMAL:172.20.0.2:50010|RBW]]} for /tmp/hadoop-yarn/staging/root/.staging/job_1522627038528_0001/job_1522627038528_0001_1.jhist
2018-04-01 19:58:15,195 INFO org.apache.hadoop.hdfs.StateChange: BLOCK* fsync: /tmp/hadoop-yarn/staging/root/.staging/job_1522627038528_0001/job_1522627038528_0001_1.jhist for DFSClient_NONMAPREDUCE_2073071541_1
2018-04-01 19:58:16,214 INFO org.apache.hadoop.hdfs.server.namenode.TransferFsImage: Transfer took 0.01s at 363.64 KB/s
2018-04-01 19:58:16,214 INFO org.apache.hadoop.hdfs.server.namenode.TransferFsImage: Downloaded file fsimage.ckpt_0000000000000000252 size 4434 bytes.
2018-04-01 19:58:16,226 INFO org.apache.hadoop.hdfs.server.namenode.NNStorageRetentionManager: Going to retain 2 images with txid >= 191
2018-04-01 19:58:16,226 INFO org.apache.hadoop.hdfs.server.namenode.NNStorageRetentionManager: Purging old image FSImageFile(file=/tmp/hadoop-root/dfs/name/current/fsimage_0000000000000000000, cpktTxId=0000000000000000000)
2018-04-01 19:58:45,008 INFO org.apache.hadoop.hdfs.StateChange: BLOCK* allocate blk_1073741863_1039{UCState=UNDER_CONSTRUCTION, truncateBlock=null, primaryNodeIndex=-1, replicas=[ReplicaUC[[DISK]DS-ef9a5443-f667-4e9d-8725-f14df066e7d7:NORMAL:172.20.0.2:50010|RBW]]} for /user/root/grep-temp-729383651/_temporary/1/_temporary/attempt_1522627038528_0001_r_000000_0/part-r-00000
2018-04-01 19:58:45,145 INFO BlockStateChange: BLOCK* addStoredBlock: blockMap updated: 172.20.0.2:50010 is added to blk_1073741863_1039{UCState=UNDER_CONSTRUCTION, truncateBlock=null, primaryNodeIndex=-1, replicas=[ReplicaUC[[DISK]DS-ef9a5443-f667-4e9d-8725-f14df066e7d7:NORMAL:172.20.0.2:50010|RBW]]} size 0
2018-04-01 19:58:45,149 INFO org.apache.hadoop.hdfs.StateChange: DIR* completeFile: /user/root/grep-temp-729383651/_temporary/1/_temporary/attempt_1522627038528_0001_r_000000_0/part-r-00000 is closed by DFSClient_attempt_1522627038528_0001_r_000000_0_-955233695_1
2018-04-01 19:58:45,220 INFO org.apache.hadoop.hdfs.StateChange: DIR* completeFile: /tmp/hadoop-yarn/staging/root/.staging/job_1522627038528_0001/COMMIT_STARTED is closed by DFSClient_NONMAPREDUCE_2073071541_1
2018-04-01 19:58:45,269 INFO org.apache.hadoop.hdfs.StateChange: DIR* completeFile: /user/root/grep-temp-729383651/_SUCCESS is closed by DFSClient_NONMAPREDUCE_2073071541_1
2018-04-01 19:58:45,277 INFO org.apache.hadoop.hdfs.StateChange: DIR* completeFile: /tmp/hadoop-yarn/staging/root/.staging/job_1522627038528_0001/COMMIT_SUCCESS is closed by DFSClient_NONMAPREDUCE_2073071541_1
2018-04-01 19:58:45,296 INFO BlockStateChange: BLOCK* addStoredBlock: blockMap updated: 172.20.0.2:50010 is added to blk_1073741862_1038{UCState=UNDER_CONSTRUCTION, truncateBlock=null, primaryNodeIndex=-1, replicas=[ReplicaUC[[DISK]DS-ef9a5443-f667-4e9d-8725-f14df066e7d7:NORMAL:172.20.0.2:50010|RBW]]} size 21485
2018-04-01 19:58:45,299 INFO org.apache.hadoop.hdfs.StateChange: DIR* completeFile: /tmp/hadoop-yarn/staging/root/.staging/job_1522627038528_0001/job_1522627038528_0001_1.jhist is closed by DFSClient_NONMAPREDUCE_2073071541_1
2018-04-01 19:58:45,306 INFO org.apache.hadoop.hdfs.StateChange: BLOCK* allocate blk_1073741864_1040{UCState=UNDER_CONSTRUCTION, truncateBlock=null, primaryNodeIndex=-1, replicas=[ReplicaUC[[DISK]DS-ef9a5443-f667-4e9d-8725-f14df066e7d7:NORMAL:172.20.0.2:50010|RBW]]} for /tmp/hadoop-yarn/staging/history/done_intermediate/root/job_1522627038528_0001.summary_tmp
2018-04-01 19:58:45,339 INFO BlockStateChange: BLOCK* addStoredBlock: blockMap updated: 172.20.0.2:50010 is added to blk_1073741864_1040{UCState=UNDER_CONSTRUCTION, truncateBlock=null, primaryNodeIndex=-1, replicas=[ReplicaUC[[DISK]DS-ef9a5443-f667-4e9d-8725-f14df066e7d7:NORMAL:172.20.0.2:50010|RBW]]} size 0
2018-04-01 19:58:45,342 INFO org.apache.hadoop.hdfs.StateChange: DIR* completeFile: /tmp/hadoop-yarn/staging/history/done_intermediate/root/job_1522627038528_0001.summary_tmp is closed by DFSClient_NONMAPREDUCE_2073071541_1
2018-04-01 19:58:45,370 INFO org.apache.hadoop.hdfs.StateChange: BLOCK* allocate blk_1073741865_1041{UCState=UNDER_CONSTRUCTION, truncateBlock=null, primaryNodeIndex=-1, replicas=[ReplicaUC[[DISK]DS-ef9a5443-f667-4e9d-8725-f14df066e7d7:NORMAL:172.20.0.2:50010|RBW]]} for /tmp/hadoop-yarn/staging/history/done_intermediate/root/job_1522627038528_0001-1522627080075-root-grep%2Dsearch-1522627125278-31-1-SUCCEEDED-default-1522627084934.jhist_tmp
2018-04-01 19:58:45,378 INFO BlockStateChange: BLOCK* addStoredBlock: blockMap updated: 172.20.0.2:50010 is added to blk_1073741865_1041{UCState=UNDER_CONSTRUCTION, truncateBlock=null, primaryNodeIndex=-1, replicas=[ReplicaUC[[DISK]DS-ef9a5443-f667-4e9d-8725-f14df066e7d7:NORMAL:172.20.0.2:50010|RBW]]} size 0
2018-04-01 19:58:45,381 INFO org.apache.hadoop.hdfs.StateChange: DIR* completeFile: /tmp/hadoop-yarn/staging/history/done_intermediate/root/job_1522627038528_0001-1522627080075-root-grep%2Dsearch-1522627125278-31-1-SUCCEEDED-default-1522627084934.jhist_tmp is closed by DFSClient_NONMAPREDUCE_2073071541_1
2018-04-01 19:58:45,403 INFO org.apache.hadoop.hdfs.StateChange: BLOCK* allocate blk_1073741866_1042{UCState=UNDER_CONSTRUCTION, truncateBlock=null, primaryNodeIndex=-1, replicas=[ReplicaUC[[DISK]DS-ef9a5443-f667-4e9d-8725-f14df066e7d7:NORMAL:172.20.0.2:50010|RBW]]} for /tmp/hadoop-yarn/staging/history/done_intermediate/root/job_1522627038528_0001_conf.xml_tmp
2018-04-01 19:58:45,410 INFO BlockStateChange: BLOCK* addStoredBlock: blockMap updated: 172.20.0.2:50010 is added to blk_1073741866_1042{UCState=UNDER_CONSTRUCTION, truncateBlock=null, primaryNodeIndex=-1, replicas=[ReplicaUC[[DISK]DS-ef9a5443-f667-4e9d-8725-f14df066e7d7:NORMAL:172.20.0.2:50010|RBW]]} size 0
2018-04-01 19:58:45,413 INFO org.apache.hadoop.hdfs.StateChange: DIR* completeFile: /tmp/hadoop-yarn/staging/history/done_intermediate/root/job_1522627038528_0001_conf.xml_tmp is closed by DFSClient_NONMAPREDUCE_2073071541_1
2018-04-01 19:58:46,473 INFO BlockStateChange: BLOCK* addToInvalidates: blk_1073741857_1033 172.20.0.2:50010 
2018-04-01 19:58:46,474 INFO BlockStateChange: BLOCK* addToInvalidates: blk_1073741858_1034 172.20.0.2:50010 
2018-04-01 19:58:46,474 INFO BlockStateChange: BLOCK* addToInvalidates: blk_1073741859_1035 172.20.0.2:50010 
2018-04-01 19:58:46,474 INFO BlockStateChange: BLOCK* addToInvalidates: blk_1073741860_1036 172.20.0.2:50010 
2018-04-01 19:58:46,474 INFO BlockStateChange: BLOCK* addToInvalidates: blk_1073741862_1038 172.20.0.2:50010 
2018-04-01 19:58:46,474 INFO BlockStateChange: BLOCK* addToInvalidates: blk_1073741861_1037 172.20.0.2:50010 
2018-04-01 19:58:46,732 INFO BlockStateChange: BLOCK* BlockManager: ask 172.20.0.2:50010 to delete [blk_1073741857_1033, blk_1073741858_1034, blk_1073741859_1035, blk_1073741860_1036, blk_1073741861_1037, blk_1073741862_1038]
2018-04-01 19:58:46,855 INFO org.apache.hadoop.hdfs.StateChange: BLOCK* allocate blk_1073741867_1043{UCState=UNDER_CONSTRUCTION, truncateBlock=null, primaryNodeIndex=-1, replicas=[ReplicaUC[[DISK]DS-ef9a5443-f667-4e9d-8725-f14df066e7d7:NORMAL:172.20.0.2:50010|RBW]]} for /tmp/hadoop-yarn/staging/root/.staging/job_1522627038528_0002/job.jar
2018-04-01 19:58:46,867 INFO BlockStateChange: BLOCK* addStoredBlock: blockMap updated: 172.20.0.2:50010 is added to blk_1073741867_1043{UCState=UNDER_CONSTRUCTION, truncateBlock=null, primaryNodeIndex=-1, replicas=[ReplicaUC[[DISK]DS-ef9a5443-f667-4e9d-8725-f14df066e7d7:NORMAL:172.20.0.2:50010|RBW]]} size 0
2018-04-01 19:58:46,870 INFO org.apache.hadoop.hdfs.StateChange: DIR* completeFile: /tmp/hadoop-yarn/staging/root/.staging/job_1522627038528_0002/job.jar is closed by DFSClient_NONMAPREDUCE_-1638518877_1
2018-04-01 19:58:46,873 INFO org.apache.hadoop.hdfs.server.blockmanagement.BlockManager: Increasing replication from 1 to 10 for /tmp/hadoop-yarn/staging/root/.staging/job_1522627038528_0002/job.jar
2018-04-01 19:58:46,907 INFO org.apache.hadoop.hdfs.server.blockmanagement.BlockManager: Increasing replication from 1 to 10 for /tmp/hadoop-yarn/staging/root/.staging/job_1522627038528_0002/job.split
2018-04-01 19:58:46,915 INFO org.apache.hadoop.hdfs.StateChange: BLOCK* allocate blk_1073741868_1044{UCState=UNDER_CONSTRUCTION, truncateBlock=null, primaryNodeIndex=-1, replicas=[ReplicaUC[[DISK]DS-ef9a5443-f667-4e9d-8725-f14df066e7d7:NORMAL:172.20.0.2:50010|RBW]]} for /tmp/hadoop-yarn/staging/root/.staging/job_1522627038528_0002/job.split
2018-04-01 19:58:46,933 INFO org.apache.hadoop.hdfs.server.namenode.FSNamesystem: BLOCK* blk_1073741868_1044{UCState=COMMITTED, truncateBlock=null, primaryNodeIndex=-1, replicas=[ReplicaUC[[DISK]DS-ef9a5443-f667-4e9d-8725-f14df066e7d7:NORMAL:172.20.0.2:50010|RBW]]} is not COMPLETE (ucState = COMMITTED, replication# = 0 <  minimum = 1) in file /tmp/hadoop-yarn/staging/root/.staging/job_1522627038528_0002/job.split
2018-04-01 19:58:46,944 INFO BlockStateChange: BLOCK* addStoredBlock: blockMap updated: 172.20.0.2:50010 is added to blk_1073741868_1044{UCState=COMMITTED, truncateBlock=null, primaryNodeIndex=-1, replicas=[ReplicaUC[[DISK]DS-ef9a5443-f667-4e9d-8725-f14df066e7d7:NORMAL:172.20.0.2:50010|RBW]]} size 139
2018-04-01 19:58:47,340 INFO org.apache.hadoop.hdfs.StateChange: DIR* completeFile: /tmp/hadoop-yarn/staging/root/.staging/job_1522627038528_0002/job.split is closed by DFSClient_NONMAPREDUCE_-1638518877_1
2018-04-01 19:58:47,353 INFO org.apache.hadoop.hdfs.StateChange: BLOCK* allocate blk_1073741869_1045{UCState=UNDER_CONSTRUCTION, truncateBlock=null, primaryNodeIndex=-1, replicas=[ReplicaUC[[DISK]DS-ef9a5443-f667-4e9d-8725-f14df066e7d7:NORMAL:172.20.0.2:50010|RBW]]} for /tmp/hadoop-yarn/staging/root/.staging/job_1522627038528_0002/job.splitmetainfo
2018-04-01 19:58:47,360 INFO BlockStateChange: BLOCK* addStoredBlock: blockMap updated: 172.20.0.2:50010 is added to blk_1073741869_1045{UCState=UNDER_CONSTRUCTION, truncateBlock=null, primaryNodeIndex=-1, replicas=[ReplicaUC[[DISK]DS-ef9a5443-f667-4e9d-8725-f14df066e7d7:NORMAL:172.20.0.2:50010|RBW]]} size 0
2018-04-01 19:58:47,363 INFO org.apache.hadoop.hdfs.StateChange: DIR* completeFile: /tmp/hadoop-yarn/staging/root/.staging/job_1522627038528_0002/job.splitmetainfo is closed by DFSClient_NONMAPREDUCE_-1638518877_1
2018-04-01 19:58:47,396 INFO org.apache.hadoop.hdfs.StateChange: BLOCK* allocate blk_1073741870_1046{UCState=UNDER_CONSTRUCTION, truncateBlock=null, primaryNodeIndex=-1, replicas=[ReplicaUC[[DISK]DS-ef9a5443-f667-4e9d-8725-f14df066e7d7:NORMAL:172.20.0.2:50010|RBW]]} for /tmp/hadoop-yarn/staging/root/.staging/job_1522627038528_0002/job.xml
2018-04-01 19:58:47,405 INFO BlockStateChange: BLOCK* addStoredBlock: blockMap updated: 172.20.0.2:50010 is added to blk_1073741870_1046{UCState=UNDER_CONSTRUCTION, truncateBlock=null, primaryNodeIndex=-1, replicas=[ReplicaUC[[DISK]DS-ef9a5443-f667-4e9d-8725-f14df066e7d7:NORMAL:172.20.0.2:50010|RBW]]} size 0
2018-04-01 19:58:47,407 INFO org.apache.hadoop.hdfs.StateChange: DIR* completeFile: /tmp/hadoop-yarn/staging/root/.staging/job_1522627038528_0002/job.xml is closed by DFSClient_NONMAPREDUCE_-1638518877_1
2018-04-01 19:58:55,643 INFO org.apache.hadoop.hdfs.StateChange: BLOCK* allocate blk_1073741871_1047{UCState=UNDER_CONSTRUCTION, truncateBlock=null, primaryNodeIndex=-1, replicas=[ReplicaUC[[DISK]DS-ef9a5443-f667-4e9d-8725-f14df066e7d7:NORMAL:172.20.0.2:50010|RBW]]} for /tmp/hadoop-yarn/staging/root/.staging/job_1522627038528_0002/job_1522627038528_0002_1_conf.xml
2018-04-01 19:58:55,703 INFO BlockStateChange: BLOCK* addStoredBlock: blockMap updated: 172.20.0.2:50010 is added to blk_1073741871_1047{UCState=UNDER_CONSTRUCTION, truncateBlock=null, primaryNodeIndex=-1, replicas=[ReplicaUC[[DISK]DS-ef9a5443-f667-4e9d-8725-f14df066e7d7:NORMAL:172.20.0.2:50010|RBW]]} size 0
2018-04-01 19:58:55,708 INFO org.apache.hadoop.hdfs.StateChange: DIR* completeFile: /tmp/hadoop-yarn/staging/root/.staging/job_1522627038528_0002/job_1522627038528_0002_1_conf.xml is closed by DFSClient_NONMAPREDUCE_162062591_1
2018-04-01 19:58:59,849 INFO org.apache.hadoop.hdfs.StateChange: BLOCK* allocate blk_1073741872_1048{UCState=UNDER_CONSTRUCTION, truncateBlock=null, primaryNodeIndex=-1, replicas=[ReplicaUC[[DISK]DS-ef9a5443-f667-4e9d-8725-f14df066e7d7:NORMAL:172.20.0.2:50010|RBW]]} for /tmp/hadoop-yarn/staging/root/.staging/job_1522627038528_0002/job_1522627038528_0002_1.jhist
2018-04-01 19:58:59,856 INFO org.apache.hadoop.hdfs.StateChange: BLOCK* fsync: /tmp/hadoop-yarn/staging/root/.staging/job_1522627038528_0002/job_1522627038528_0002_1.jhist for DFSClient_NONMAPREDUCE_162062591_1
2018-04-01 19:59:04,925 INFO org.apache.hadoop.hdfs.StateChange: BLOCK* allocate blk_1073741873_1049{UCState=UNDER_CONSTRUCTION, truncateBlock=null, primaryNodeIndex=-1, replicas=[ReplicaUC[[DISK]DS-ef9a5443-f667-4e9d-8725-f14df066e7d7:NORMAL:172.20.0.2:50010|RBW]]} for /user/root/output/_temporary/1/_temporary/attempt_1522627038528_0002_r_000000_0/part-r-00000
2018-04-01 19:59:05,037 INFO BlockStateChange: BLOCK* addStoredBlock: blockMap updated: 172.20.0.2:50010 is added to blk_1073741873_1049{UCState=UNDER_CONSTRUCTION, truncateBlock=null, primaryNodeIndex=-1, replicas=[ReplicaUC[[DISK]DS-ef9a5443-f667-4e9d-8725-f14df066e7d7:NORMAL:172.20.0.2:50010|RBW]]} size 0
2018-04-01 19:59:05,042 INFO org.apache.hadoop.hdfs.StateChange: DIR* completeFile: /user/root/output/_temporary/1/_temporary/attempt_1522627038528_0002_r_000000_0/part-r-00000 is closed by DFSClient_attempt_1522627038528_0002_r_000000_0_520944141_1
2018-04-01 19:59:05,130 INFO org.apache.hadoop.hdfs.StateChange: DIR* completeFile: /tmp/hadoop-yarn/staging/root/.staging/job_1522627038528_0002/COMMIT_STARTED is closed by DFSClient_NONMAPREDUCE_162062591_1
2018-04-01 19:59:05,172 INFO org.apache.hadoop.hdfs.StateChange: DIR* completeFile: /user/root/output/_SUCCESS is closed by DFSClient_NONMAPREDUCE_162062591_1
2018-04-01 19:59:05,181 INFO org.apache.hadoop.hdfs.StateChange: DIR* completeFile: /tmp/hadoop-yarn/staging/root/.staging/job_1522627038528_0002/COMMIT_SUCCESS is closed by DFSClient_NONMAPREDUCE_162062591_1
2018-04-01 19:59:05,197 INFO BlockStateChange: BLOCK* addStoredBlock: blockMap updated: 172.20.0.2:50010 is added to blk_1073741872_1048{UCState=UNDER_CONSTRUCTION, truncateBlock=null, primaryNodeIndex=-1, replicas=[ReplicaUC[[DISK]DS-ef9a5443-f667-4e9d-8725-f14df066e7d7:NORMAL:172.20.0.2:50010|RBW]]} size 12980
2018-04-01 19:59:05,206 INFO org.apache.hadoop.hdfs.StateChange: DIR* completeFile: /tmp/hadoop-yarn/staging/root/.staging/job_1522627038528_0002/job_1522627038528_0002_1.jhist is closed by DFSClient_NONMAPREDUCE_162062591_1
2018-04-01 19:59:05,215 INFO org.apache.hadoop.hdfs.StateChange: BLOCK* allocate blk_1073741874_1050{UCState=UNDER_CONSTRUCTION, truncateBlock=null, primaryNodeIndex=-1, replicas=[ReplicaUC[[DISK]DS-ef9a5443-f667-4e9d-8725-f14df066e7d7:NORMAL:172.20.0.2:50010|RBW]]} for /tmp/hadoop-yarn/staging/history/done_intermediate/root/job_1522627038528_0002.summary_tmp
2018-04-01 19:59:05,223 INFO BlockStateChange: BLOCK* addStoredBlock: blockMap updated: 172.20.0.2:50010 is added to blk_1073741874_1050{UCState=UNDER_CONSTRUCTION, truncateBlock=null, primaryNodeIndex=-1, replicas=[ReplicaUC[[DISK]DS-ef9a5443-f667-4e9d-8725-f14df066e7d7:NORMAL:172.20.0.2:50010|RBW]]} size 0
2018-04-01 19:59:05,226 INFO org.apache.hadoop.hdfs.StateChange: DIR* completeFile: /tmp/hadoop-yarn/staging/history/done_intermediate/root/job_1522627038528_0002.summary_tmp is closed by DFSClient_NONMAPREDUCE_162062591_1
2018-04-01 19:59:05,258 INFO org.apache.hadoop.hdfs.StateChange: BLOCK* allocate blk_1073741875_1051{UCState=UNDER_CONSTRUCTION, truncateBlock=null, primaryNodeIndex=-1, replicas=[ReplicaUC[[DISK]DS-ef9a5443-f667-4e9d-8725-f14df066e7d7:NORMAL:172.20.0.2:50010|RBW]]} for /tmp/hadoop-yarn/staging/history/done_intermediate/root/job_1522627038528_0002-1522627127426-root-grep%2Dsort-1522627145182-1-1-SUCCEEDED-default-1522627135444.jhist_tmp
2018-04-01 19:59:05,268 INFO BlockStateChange: BLOCK* addStoredBlock: blockMap updated: 172.20.0.2:50010 is added to blk_1073741875_1051{UCState=UNDER_CONSTRUCTION, truncateBlock=null, primaryNodeIndex=-1, replicas=[ReplicaUC[[DISK]DS-ef9a5443-f667-4e9d-8725-f14df066e7d7:NORMAL:172.20.0.2:50010|RBW]]} size 0
2018-04-01 19:59:05,271 INFO org.apache.hadoop.hdfs.StateChange: DIR* completeFile: /tmp/hadoop-yarn/staging/history/done_intermediate/root/job_1522627038528_0002-1522627127426-root-grep%2Dsort-1522627145182-1-1-SUCCEEDED-default-1522627135444.jhist_tmp is closed by DFSClient_NONMAPREDUCE_162062591_1
2018-04-01 19:59:05,297 INFO org.apache.hadoop.hdfs.StateChange: BLOCK* allocate blk_1073741876_1052{UCState=UNDER_CONSTRUCTION, truncateBlock=null, primaryNodeIndex=-1, replicas=[ReplicaUC[[DISK]DS-ef9a5443-f667-4e9d-8725-f14df066e7d7:NORMAL:172.20.0.2:50010|RBW]]} for /tmp/hadoop-yarn/staging/history/done_intermediate/root/job_1522627038528_0002_conf.xml_tmp
2018-04-01 19:59:05,306 INFO BlockStateChange: BLOCK* addStoredBlock: blockMap updated: 172.20.0.2:50010 is added to blk_1073741876_1052{UCState=UNDER_CONSTRUCTION, truncateBlock=null, primaryNodeIndex=-1, replicas=[ReplicaUC[[DISK]DS-ef9a5443-f667-4e9d-8725-f14df066e7d7:NORMAL:172.20.0.2:50010|RBW]]} size 0
2018-04-01 19:59:05,308 INFO org.apache.hadoop.hdfs.StateChange: DIR* completeFile: /tmp/hadoop-yarn/staging/history/done_intermediate/root/job_1522627038528_0002_conf.xml_tmp is closed by DFSClient_NONMAPREDUCE_162062591_1
2018-04-01 19:59:06,345 INFO BlockStateChange: BLOCK* addToInvalidates: blk_1073741867_1043 172.20.0.2:50010 
2018-04-01 19:59:06,345 INFO BlockStateChange: BLOCK* addToInvalidates: blk_1073741868_1044 172.20.0.2:50010 
2018-04-01 19:59:06,346 INFO BlockStateChange: BLOCK* addToInvalidates: blk_1073741869_1045 172.20.0.2:50010 
2018-04-01 19:59:06,346 INFO BlockStateChange: BLOCK* addToInvalidates: blk_1073741870_1046 172.20.0.2:50010 
2018-04-01 19:59:06,346 INFO BlockStateChange: BLOCK* addToInvalidates: blk_1073741872_1048 172.20.0.2:50010 
2018-04-01 19:59:06,346 INFO BlockStateChange: BLOCK* addToInvalidates: blk_1073741871_1047 172.20.0.2:50010 
2018-04-01 19:59:06,690 INFO BlockStateChange: BLOCK* addToInvalidates: blk_1073741863_1039 172.20.0.2:50010 
2018-04-01 19:59:07,742 INFO BlockStateChange: BLOCK* BlockManager: ask 172.20.0.2:50010 to delete [blk_1073741872_1048, blk_1073741863_1039, blk_1073741867_1043, blk_1073741868_1044, blk_1073741869_1045, blk_1073741870_1046, blk_1073741871_1047]
2018-04-01 20:00:18,571 INFO org.apache.hadoop.hdfs.server.namenode.FSEditLog: Number of transactions: 151 Total time for transactions(ms): 20 Number of transactions batched in Syncs: 1 Number of syncs: 90 SyncTimes(ms): 213 
2018-04-01 20:00:18,654 INFO org.apache.hadoop.hdfs.StateChange: BLOCK* allocate blk_1073741877_1053{UCState=UNDER_CONSTRUCTION, truncateBlock=null, primaryNodeIndex=-1, replicas=[ReplicaUC[[DISK]DS-ef9a5443-f667-4e9d-8725-f14df066e7d7:NORMAL:172.20.0.2:50010|RBW]]} for /tmp/hadoop-yarn/staging/root/.staging/job_1522627038528_0003/job.jar
2018-04-01 20:00:18,738 INFO BlockStateChange: BLOCK* addStoredBlock: blockMap updated: 172.20.0.2:50010 is added to blk_1073741877_1053{UCState=UNDER_CONSTRUCTION, truncateBlock=null, primaryNodeIndex=-1, replicas=[ReplicaUC[[DISK]DS-ef9a5443-f667-4e9d-8725-f14df066e7d7:NORMAL:172.20.0.2:50010|RBW]]} size 0
2018-04-01 20:00:18,743 INFO org.apache.hadoop.hdfs.StateChange: DIR* completeFile: /tmp/hadoop-yarn/staging/root/.staging/job_1522627038528_0003/job.jar is closed by DFSClient_NONMAPREDUCE_-548841057_1
2018-04-01 20:00:18,748 INFO org.apache.hadoop.hdfs.server.blockmanagement.BlockManager: Increasing replication from 1 to 10 for /tmp/hadoop-yarn/staging/root/.staging/job_1522627038528_0003/job.jar
2018-04-01 20:00:18,799 INFO org.apache.hadoop.hdfs.server.blockmanagement.BlockManager: Increasing replication from 1 to 10 for /tmp/hadoop-yarn/staging/root/.staging/job_1522627038528_0003/job.split
2018-04-01 20:00:18,805 INFO org.apache.hadoop.hdfs.StateChange: BLOCK* allocate blk_1073741878_1054{UCState=UNDER_CONSTRUCTION, truncateBlock=null, primaryNodeIndex=-1, replicas=[ReplicaUC[[DISK]DS-ef9a5443-f667-4e9d-8725-f14df066e7d7:NORMAL:172.20.0.2:50010|RBW]]} for /tmp/hadoop-yarn/staging/root/.staging/job_1522627038528_0003/job.split
2018-04-01 20:00:18,814 INFO BlockStateChange: BLOCK* addStoredBlock: blockMap updated: 172.20.0.2:50010 is added to blk_1073741878_1054{UCState=UNDER_CONSTRUCTION, truncateBlock=null, primaryNodeIndex=-1, replicas=[ReplicaUC[[DISK]DS-ef9a5443-f667-4e9d-8725-f14df066e7d7:NORMAL:172.20.0.2:50010|RBW]]} size 0
2018-04-01 20:00:18,817 INFO org.apache.hadoop.hdfs.StateChange: DIR* completeFile: /tmp/hadoop-yarn/staging/root/.staging/job_1522627038528_0003/job.split is closed by DFSClient_NONMAPREDUCE_-548841057_1
2018-04-01 20:00:18,830 INFO org.apache.hadoop.hdfs.StateChange: BLOCK* allocate blk_1073741879_1055{UCState=UNDER_CONSTRUCTION, truncateBlock=null, primaryNodeIndex=-1, replicas=[ReplicaUC[[DISK]DS-ef9a5443-f667-4e9d-8725-f14df066e7d7:NORMAL:172.20.0.2:50010|RBW]]} for /tmp/hadoop-yarn/staging/root/.staging/job_1522627038528_0003/job.splitmetainfo
2018-04-01 20:00:18,838 INFO BlockStateChange: BLOCK* addStoredBlock: blockMap updated: 172.20.0.2:50010 is added to blk_1073741879_1055{UCState=UNDER_CONSTRUCTION, truncateBlock=null, primaryNodeIndex=-1, replicas=[ReplicaUC[[DISK]DS-ef9a5443-f667-4e9d-8725-f14df066e7d7:NORMAL:172.20.0.2:50010|RBW]]} size 0
2018-04-01 20:00:18,840 INFO org.apache.hadoop.hdfs.StateChange: DIR* completeFile: /tmp/hadoop-yarn/staging/root/.staging/job_1522627038528_0003/job.splitmetainfo is closed by DFSClient_NONMAPREDUCE_-548841057_1
2018-04-01 20:00:18,965 INFO org.apache.hadoop.hdfs.StateChange: BLOCK* allocate blk_1073741880_1056{UCState=UNDER_CONSTRUCTION, truncateBlock=null, primaryNodeIndex=-1, replicas=[ReplicaUC[[DISK]DS-ef9a5443-f667-4e9d-8725-f14df066e7d7:NORMAL:172.20.0.2:50010|RBW]]} for /tmp/hadoop-yarn/staging/root/.staging/job_1522627038528_0003/job.xml
2018-04-01 20:00:18,978 INFO BlockStateChange: BLOCK* addStoredBlock: blockMap updated: 172.20.0.2:50010 is added to blk_1073741880_1056{UCState=UNDER_CONSTRUCTION, truncateBlock=null, primaryNodeIndex=-1, replicas=[ReplicaUC[[DISK]DS-ef9a5443-f667-4e9d-8725-f14df066e7d7:NORMAL:172.20.0.2:50010|RBW]]} size 0
2018-04-01 20:00:18,981 INFO org.apache.hadoop.hdfs.StateChange: DIR* completeFile: /tmp/hadoop-yarn/staging/root/.staging/job_1522627038528_0003/job.xml is closed by DFSClient_NONMAPREDUCE_-548841057_1
2018-04-01 20:00:22,749 INFO org.apache.hadoop.hdfs.StateChange: BLOCK* allocate blk_1073741881_1057{UCState=UNDER_CONSTRUCTION, truncateBlock=null, primaryNodeIndex=-1, replicas=[ReplicaUC[[DISK]DS-ef9a5443-f667-4e9d-8725-f14df066e7d7:NORMAL:172.20.0.2:50010|RBW]]} for /tmp/hadoop-yarn/staging/root/.staging/job_1522627038528_0003/job_1522627038528_0003_1_conf.xml
2018-04-01 20:00:22,820 INFO BlockStateChange: BLOCK* addStoredBlock: blockMap updated: 172.20.0.2:50010 is added to blk_1073741881_1057{UCState=UNDER_CONSTRUCTION, truncateBlock=null, primaryNodeIndex=-1, replicas=[ReplicaUC[[DISK]DS-ef9a5443-f667-4e9d-8725-f14df066e7d7:NORMAL:172.20.0.2:50010|RBW]]} size 0
2018-04-01 20:00:22,823 INFO org.apache.hadoop.hdfs.StateChange: DIR* completeFile: /tmp/hadoop-yarn/staging/root/.staging/job_1522627038528_0003/job_1522627038528_0003_1_conf.xml is closed by DFSClient_NONMAPREDUCE_-1372537447_1
2018-04-01 20:00:48,043 INFO org.apache.hadoop.hdfs.StateChange: BLOCK* allocate blk_1073741882_1058{UCState=UNDER_CONSTRUCTION, truncateBlock=null, primaryNodeIndex=-1, replicas=[ReplicaUC[[DISK]DS-ef9a5443-f667-4e9d-8725-f14df066e7d7:NORMAL:172.20.0.2:50010|RBW]]} for /tmp/hadoop-yarn/staging/root/.staging/job_1522627038528_0003/job_1522627038528_0003_1.jhist
2018-04-01 20:00:48,051 INFO org.apache.hadoop.hdfs.StateChange: BLOCK* fsync: /tmp/hadoop-yarn/staging/root/.staging/job_1522627038528_0003/job_1522627038528_0003_1.jhist for DFSClient_NONMAPREDUCE_-1372537447_1
2018-04-01 20:01:02,838 INFO org.apache.hadoop.hdfs.StateChange: BLOCK* allocate blk_1073741883_1059{UCState=UNDER_CONSTRUCTION, truncateBlock=null, primaryNodeIndex=-1, replicas=[ReplicaUC[[DISK]DS-ef9a5443-f667-4e9d-8725-f14df066e7d7:NORMAL:172.20.0.2:50010|RBW]]} for /user/root/purchasesByStore/_temporary/1/_temporary/attempt_1522627038528_0003_r_000000_0/part-00000
2018-04-01 20:01:02,946 INFO BlockStateChange: BLOCK* addStoredBlock: blockMap updated: 172.20.0.2:50010 is added to blk_1073741883_1059{UCState=UNDER_CONSTRUCTION, truncateBlock=null, primaryNodeIndex=-1, replicas=[ReplicaUC[[DISK]DS-ef9a5443-f667-4e9d-8725-f14df066e7d7:NORMAL:172.20.0.2:50010|RBW]]} size 0
2018-04-01 20:01:02,952 INFO org.apache.hadoop.hdfs.StateChange: DIR* completeFile: /user/root/purchasesByStore/_temporary/1/_temporary/attempt_1522627038528_0003_r_000000_0/part-00000 is closed by DFSClient_attempt_1522627038528_0003_r_000000_0_-2028118491_1
2018-04-01 20:01:03,028 INFO org.apache.hadoop.hdfs.StateChange: DIR* completeFile: /tmp/hadoop-yarn/staging/root/.staging/job_1522627038528_0003/COMMIT_STARTED is closed by DFSClient_NONMAPREDUCE_-1372537447_1
2018-04-01 20:01:03,063 INFO org.apache.hadoop.hdfs.StateChange: DIR* completeFile: /user/root/purchasesByStore/_SUCCESS is closed by DFSClient_NONMAPREDUCE_-1372537447_1
2018-04-01 20:01:03,071 INFO org.apache.hadoop.hdfs.StateChange: DIR* completeFile: /tmp/hadoop-yarn/staging/root/.staging/job_1522627038528_0003/COMMIT_SUCCESS is closed by DFSClient_NONMAPREDUCE_-1372537447_1
2018-04-01 20:01:03,085 INFO BlockStateChange: BLOCK* addStoredBlock: blockMap updated: 172.20.0.2:50010 is added to blk_1073741882_1058{UCState=UNDER_CONSTRUCTION, truncateBlock=null, primaryNodeIndex=-1, replicas=[ReplicaUC[[DISK]DS-ef9a5443-f667-4e9d-8725-f14df066e7d7:NORMAL:172.20.0.2:50010|RBW]]} size 13144
2018-04-01 20:01:03,088 INFO org.apache.hadoop.hdfs.StateChange: DIR* completeFile: /tmp/hadoop-yarn/staging/root/.staging/job_1522627038528_0003/job_1522627038528_0003_1.jhist is closed by DFSClient_NONMAPREDUCE_-1372537447_1
2018-04-01 20:01:03,096 INFO org.apache.hadoop.hdfs.StateChange: BLOCK* allocate blk_1073741884_1060{UCState=UNDER_CONSTRUCTION, truncateBlock=null, primaryNodeIndex=-1, replicas=[ReplicaUC[[DISK]DS-ef9a5443-f667-4e9d-8725-f14df066e7d7:NORMAL:172.20.0.2:50010|RBW]]} for /tmp/hadoop-yarn/staging/history/done_intermediate/root/job_1522627038528_0003.summary_tmp
2018-04-01 20:01:03,103 INFO BlockStateChange: BLOCK* addStoredBlock: blockMap updated: 172.20.0.2:50010 is added to blk_1073741884_1060{UCState=UNDER_CONSTRUCTION, truncateBlock=null, primaryNodeIndex=-1, replicas=[ReplicaUC[[DISK]DS-ef9a5443-f667-4e9d-8725-f14df066e7d7:NORMAL:172.20.0.2:50010|RBW]]} size 0
2018-04-01 20:01:03,105 INFO org.apache.hadoop.hdfs.StateChange: DIR* completeFile: /tmp/hadoop-yarn/staging/history/done_intermediate/root/job_1522627038528_0003.summary_tmp is closed by DFSClient_NONMAPREDUCE_-1372537447_1
2018-04-01 20:01:03,140 INFO org.apache.hadoop.hdfs.StateChange: BLOCK* allocate blk_1073741885_1061{UCState=UNDER_CONSTRUCTION, truncateBlock=null, primaryNodeIndex=-1, replicas=[ReplicaUC[[DISK]DS-ef9a5443-f667-4e9d-8725-f14df066e7d7:NORMAL:172.20.0.2:50010|RBW]]} for /tmp/hadoop-yarn/staging/history/done_intermediate/root/job_1522627038528_0003-1522627219128-root-streamjob4837149805089805222.jar-1522627263072-1-1-SUCCEEDED-default-1522627222547.jhist_tmp
2018-04-01 20:01:03,146 INFO BlockStateChange: BLOCK* addStoredBlock: blockMap updated: 172.20.0.2:50010 is added to blk_1073741885_1061{UCState=UNDER_CONSTRUCTION, truncateBlock=null, primaryNodeIndex=-1, replicas=[ReplicaUC[[DISK]DS-ef9a5443-f667-4e9d-8725-f14df066e7d7:NORMAL:172.20.0.2:50010|RBW]]} size 0
2018-04-01 20:01:03,148 INFO org.apache.hadoop.hdfs.StateChange: DIR* completeFile: /tmp/hadoop-yarn/staging/history/done_intermediate/root/job_1522627038528_0003-1522627219128-root-streamjob4837149805089805222.jar-1522627263072-1-1-SUCCEEDED-default-1522627222547.jhist_tmp is closed by DFSClient_NONMAPREDUCE_-1372537447_1
2018-04-01 20:01:03,168 INFO org.apache.hadoop.hdfs.StateChange: BLOCK* allocate blk_1073741886_1062{UCState=UNDER_CONSTRUCTION, truncateBlock=null, primaryNodeIndex=-1, replicas=[ReplicaUC[[DISK]DS-ef9a5443-f667-4e9d-8725-f14df066e7d7:NORMAL:172.20.0.2:50010|RBW]]} for /tmp/hadoop-yarn/staging/history/done_intermediate/root/job_1522627038528_0003_conf.xml_tmp
2018-04-01 20:01:03,182 INFO BlockStateChange: BLOCK* addStoredBlock: blockMap updated: 172.20.0.2:50010 is added to blk_1073741886_1062{UCState=UNDER_CONSTRUCTION, truncateBlock=null, primaryNodeIndex=-1, replicas=[ReplicaUC[[DISK]DS-ef9a5443-f667-4e9d-8725-f14df066e7d7:NORMAL:172.20.0.2:50010|RBW]]} size 0
2018-04-01 20:01:03,191 INFO org.apache.hadoop.hdfs.StateChange: DIR* completeFile: /tmp/hadoop-yarn/staging/history/done_intermediate/root/job_1522627038528_0003_conf.xml_tmp is closed by DFSClient_NONMAPREDUCE_-1372537447_1
2018-04-01 20:01:04,229 INFO BlockStateChange: BLOCK* addToInvalidates: blk_1073741877_1053 172.20.0.2:50010 
2018-04-01 20:01:04,230 INFO BlockStateChange: BLOCK* addToInvalidates: blk_1073741878_1054 172.20.0.2:50010 
2018-04-01 20:01:04,230 INFO BlockStateChange: BLOCK* addToInvalidates: blk_1073741879_1055 172.20.0.2:50010 
2018-04-01 20:01:04,230 INFO BlockStateChange: BLOCK* addToInvalidates: blk_1073741880_1056 172.20.0.2:50010 
2018-04-01 20:01:04,230 INFO BlockStateChange: BLOCK* addToInvalidates: blk_1073741882_1058 172.20.0.2:50010 
2018-04-01 20:01:04,230 INFO BlockStateChange: BLOCK* addToInvalidates: blk_1073741881_1057 172.20.0.2:50010 
2018-04-01 20:01:04,780 INFO BlockStateChange: BLOCK* BlockManager: ask 172.20.0.2:50010 to delete [blk_1073741877_1053, blk_1073741878_1054, blk_1073741879_1055, blk_1073741880_1056, blk_1073741881_1057, blk_1073741882_1058]
2018-04-01 20:01:35,330 INFO org.apache.hadoop.hdfs.server.namenode.FSEditLog: Number of transactions: 231 Total time for transactions(ms): 27 Number of transactions batched in Syncs: 1 Number of syncs: 146 SyncTimes(ms): 362 
2018-04-01 20:01:35,413 INFO org.apache.hadoop.hdfs.StateChange: BLOCK* allocate blk_1073741887_1063{UCState=UNDER_CONSTRUCTION, truncateBlock=null, primaryNodeIndex=-1, replicas=[ReplicaUC[[DISK]DS-ef9a5443-f667-4e9d-8725-f14df066e7d7:NORMAL:172.20.0.2:50010|RBW]]} for /tmp/hadoop-yarn/staging/root/.staging/job_1522627038528_0004/job.jar
2018-04-01 20:01:35,503 INFO BlockStateChange: BLOCK* addStoredBlock: blockMap updated: 172.20.0.2:50010 is added to blk_1073741887_1063{UCState=UNDER_CONSTRUCTION, truncateBlock=null, primaryNodeIndex=-1, replicas=[ReplicaUC[[DISK]DS-ef9a5443-f667-4e9d-8725-f14df066e7d7:NORMAL:172.20.0.2:50010|RBW]]} size 0
2018-04-01 20:01:35,505 INFO org.apache.hadoop.hdfs.StateChange: DIR* completeFile: /tmp/hadoop-yarn/staging/root/.staging/job_1522627038528_0004/job.jar is closed by DFSClient_NONMAPREDUCE_-28628921_1
2018-04-01 20:01:35,510 INFO org.apache.hadoop.hdfs.server.blockmanagement.BlockManager: Increasing replication from 1 to 10 for /tmp/hadoop-yarn/staging/root/.staging/job_1522627038528_0004/job.jar
2018-04-01 20:01:35,557 INFO org.apache.hadoop.hdfs.server.blockmanagement.BlockManager: Increasing replication from 1 to 10 for /tmp/hadoop-yarn/staging/root/.staging/job_1522627038528_0004/job.split
2018-04-01 20:01:35,569 INFO org.apache.hadoop.hdfs.StateChange: BLOCK* allocate blk_1073741888_1064{UCState=UNDER_CONSTRUCTION, truncateBlock=null, primaryNodeIndex=-1, replicas=[ReplicaUC[[DISK]DS-ef9a5443-f667-4e9d-8725-f14df066e7d7:NORMAL:172.20.0.2:50010|RBW]]} for /tmp/hadoop-yarn/staging/root/.staging/job_1522627038528_0004/job.split
2018-04-01 20:01:35,583 INFO BlockStateChange: BLOCK* addStoredBlock: blockMap updated: 172.20.0.2:50010 is added to blk_1073741888_1064{UCState=UNDER_CONSTRUCTION, truncateBlock=null, primaryNodeIndex=-1, replicas=[ReplicaUC[[DISK]DS-ef9a5443-f667-4e9d-8725-f14df066e7d7:NORMAL:172.20.0.2:50010|RBW]]} size 0
2018-04-01 20:01:35,586 INFO org.apache.hadoop.hdfs.StateChange: DIR* completeFile: /tmp/hadoop-yarn/staging/root/.staging/job_1522627038528_0004/job.split is closed by DFSClient_NONMAPREDUCE_-28628921_1
2018-04-01 20:01:35,604 INFO org.apache.hadoop.hdfs.StateChange: BLOCK* allocate blk_1073741889_1065{UCState=UNDER_CONSTRUCTION, truncateBlock=null, primaryNodeIndex=-1, replicas=[ReplicaUC[[DISK]DS-ef9a5443-f667-4e9d-8725-f14df066e7d7:NORMAL:172.20.0.2:50010|RBW]]} for /tmp/hadoop-yarn/staging/root/.staging/job_1522627038528_0004/job.splitmetainfo
2018-04-01 20:01:35,611 INFO BlockStateChange: BLOCK* addStoredBlock: blockMap updated: 172.20.0.2:50010 is added to blk_1073741889_1065{UCState=UNDER_CONSTRUCTION, truncateBlock=null, primaryNodeIndex=-1, replicas=[ReplicaUC[[DISK]DS-ef9a5443-f667-4e9d-8725-f14df066e7d7:NORMAL:172.20.0.2:50010|RBW]]} size 0
2018-04-01 20:01:35,614 INFO org.apache.hadoop.hdfs.StateChange: DIR* completeFile: /tmp/hadoop-yarn/staging/root/.staging/job_1522627038528_0004/job.splitmetainfo is closed by DFSClient_NONMAPREDUCE_-28628921_1
2018-04-01 20:01:35,733 INFO org.apache.hadoop.hdfs.StateChange: BLOCK* allocate blk_1073741890_1066{UCState=UNDER_CONSTRUCTION, truncateBlock=null, primaryNodeIndex=-1, replicas=[ReplicaUC[[DISK]DS-ef9a5443-f667-4e9d-8725-f14df066e7d7:NORMAL:172.20.0.2:50010|RBW]]} for /tmp/hadoop-yarn/staging/root/.staging/job_1522627038528_0004/job.xml
2018-04-01 20:01:35,746 INFO BlockStateChange: BLOCK* addStoredBlock: blockMap updated: 172.20.0.2:50010 is added to blk_1073741890_1066{UCState=UNDER_CONSTRUCTION, truncateBlock=null, primaryNodeIndex=-1, replicas=[ReplicaUC[[DISK]DS-ef9a5443-f667-4e9d-8725-f14df066e7d7:NORMAL:172.20.0.2:50010|RBW]]} size 0
2018-04-01 20:01:35,749 INFO org.apache.hadoop.hdfs.StateChange: DIR* completeFile: /tmp/hadoop-yarn/staging/root/.staging/job_1522627038528_0004/job.xml is closed by DFSClient_NONMAPREDUCE_-28628921_1
2018-04-01 20:01:39,366 INFO org.apache.hadoop.hdfs.StateChange: BLOCK* allocate blk_1073741891_1067{UCState=UNDER_CONSTRUCTION, truncateBlock=null, primaryNodeIndex=-1, replicas=[ReplicaUC[[DISK]DS-ef9a5443-f667-4e9d-8725-f14df066e7d7:NORMAL:172.20.0.2:50010|RBW]]} for /tmp/hadoop-yarn/staging/root/.staging/job_1522627038528_0004/job_1522627038528_0004_1_conf.xml
2018-04-01 20:01:39,427 INFO BlockStateChange: BLOCK* addStoredBlock: blockMap updated: 172.20.0.2:50010 is added to blk_1073741891_1067{UCState=UNDER_CONSTRUCTION, truncateBlock=null, primaryNodeIndex=-1, replicas=[ReplicaUC[[DISK]DS-ef9a5443-f667-4e9d-8725-f14df066e7d7:NORMAL:172.20.0.2:50010|RBW]]} size 0
2018-04-01 20:01:39,436 INFO org.apache.hadoop.hdfs.StateChange: DIR* completeFile: /tmp/hadoop-yarn/staging/root/.staging/job_1522627038528_0004/job_1522627038528_0004_1_conf.xml is closed by DFSClient_NONMAPREDUCE_785946977_1
2018-04-01 20:01:59,188 INFO org.apache.hadoop.hdfs.StateChange: BLOCK* allocate blk_1073741892_1068{UCState=UNDER_CONSTRUCTION, truncateBlock=null, primaryNodeIndex=-1, replicas=[ReplicaUC[[DISK]DS-ef9a5443-f667-4e9d-8725-f14df066e7d7:NORMAL:172.20.0.2:50010|RBW]]} for /tmp/hadoop-yarn/staging/root/.staging/job_1522627038528_0004/job_1522627038528_0004_1.jhist
2018-04-01 20:01:59,195 INFO org.apache.hadoop.hdfs.StateChange: BLOCK* fsync: /tmp/hadoop-yarn/staging/root/.staging/job_1522627038528_0004/job_1522627038528_0004_1.jhist for DFSClient_NONMAPREDUCE_785946977_1
2018-04-01 20:02:14,331 INFO org.apache.hadoop.hdfs.StateChange: BLOCK* allocate blk_1073741893_1069{UCState=UNDER_CONSTRUCTION, truncateBlock=null, primaryNodeIndex=-1, replicas=[ReplicaUC[[DISK]DS-ef9a5443-f667-4e9d-8725-f14df066e7d7:NORMAL:172.20.0.2:50010|RBW]]} for /user/root/paymentByType/_temporary/1/_temporary/attempt_1522627038528_0004_r_000000_0/part-00000
2018-04-01 20:02:14,448 INFO BlockStateChange: BLOCK* addStoredBlock: blockMap updated: 172.20.0.2:50010 is added to blk_1073741893_1069{UCState=UNDER_CONSTRUCTION, truncateBlock=null, primaryNodeIndex=-1, replicas=[ReplicaUC[[DISK]DS-ef9a5443-f667-4e9d-8725-f14df066e7d7:NORMAL:172.20.0.2:50010|RBW]]} size 0
2018-04-01 20:02:14,455 INFO org.apache.hadoop.hdfs.StateChange: DIR* completeFile: /user/root/paymentByType/_temporary/1/_temporary/attempt_1522627038528_0004_r_000000_0/part-00000 is closed by DFSClient_attempt_1522627038528_0004_r_000000_0_158350668_1
2018-04-01 20:02:14,539 INFO org.apache.hadoop.hdfs.StateChange: DIR* completeFile: /tmp/hadoop-yarn/staging/root/.staging/job_1522627038528_0004/COMMIT_STARTED is closed by DFSClient_NONMAPREDUCE_785946977_1
2018-04-01 20:02:14,578 INFO org.apache.hadoop.hdfs.StateChange: DIR* completeFile: /user/root/paymentByType/_SUCCESS is closed by DFSClient_NONMAPREDUCE_785946977_1
2018-04-01 20:02:14,586 INFO org.apache.hadoop.hdfs.StateChange: DIR* completeFile: /tmp/hadoop-yarn/staging/root/.staging/job_1522627038528_0004/COMMIT_SUCCESS is closed by DFSClient_NONMAPREDUCE_785946977_1
2018-04-01 20:02:14,600 INFO BlockStateChange: BLOCK* addStoredBlock: blockMap updated: 172.20.0.2:50010 is added to blk_1073741892_1068{UCState=UNDER_CONSTRUCTION, truncateBlock=null, primaryNodeIndex=-1, replicas=[ReplicaUC[[DISK]DS-ef9a5443-f667-4e9d-8725-f14df066e7d7:NORMAL:172.20.0.2:50010|RBW]]} size 13137
2018-04-01 20:02:14,603 INFO org.apache.hadoop.hdfs.StateChange: DIR* completeFile: /tmp/hadoop-yarn/staging/root/.staging/job_1522627038528_0004/job_1522627038528_0004_1.jhist is closed by DFSClient_NONMAPREDUCE_785946977_1
2018-04-01 20:02:14,611 INFO org.apache.hadoop.hdfs.StateChange: BLOCK* allocate blk_1073741894_1070{UCState=UNDER_CONSTRUCTION, truncateBlock=null, primaryNodeIndex=-1, replicas=[ReplicaUC[[DISK]DS-ef9a5443-f667-4e9d-8725-f14df066e7d7:NORMAL:172.20.0.2:50010|RBW]]} for /tmp/hadoop-yarn/staging/history/done_intermediate/root/job_1522627038528_0004.summary_tmp
2018-04-01 20:02:14,618 INFO BlockStateChange: BLOCK* addStoredBlock: blockMap updated: 172.20.0.2:50010 is added to blk_1073741894_1070{UCState=UNDER_CONSTRUCTION, truncateBlock=null, primaryNodeIndex=-1, replicas=[ReplicaUC[[DISK]DS-ef9a5443-f667-4e9d-8725-f14df066e7d7:NORMAL:172.20.0.2:50010|RBW]]} size 0
2018-04-01 20:02:14,620 INFO org.apache.hadoop.hdfs.StateChange: DIR* completeFile: /tmp/hadoop-yarn/staging/history/done_intermediate/root/job_1522627038528_0004.summary_tmp is closed by DFSClient_NONMAPREDUCE_785946977_1
2018-04-01 20:02:14,651 INFO org.apache.hadoop.hdfs.StateChange: BLOCK* allocate blk_1073741895_1071{UCState=UNDER_CONSTRUCTION, truncateBlock=null, primaryNodeIndex=-1, replicas=[ReplicaUC[[DISK]DS-ef9a5443-f667-4e9d-8725-f14df066e7d7:NORMAL:172.20.0.2:50010|RBW]]} for /tmp/hadoop-yarn/staging/history/done_intermediate/root/job_1522627038528_0004-1522627295894-root-streamjob5340609832938899041.jar-1522627334587-1-1-SUCCEEDED-default-1522627299167.jhist_tmp
2018-04-01 20:02:14,659 INFO BlockStateChange: BLOCK* addStoredBlock: blockMap updated: 172.20.0.2:50010 is added to blk_1073741895_1071{UCState=UNDER_CONSTRUCTION, truncateBlock=null, primaryNodeIndex=-1, replicas=[ReplicaUC[[DISK]DS-ef9a5443-f667-4e9d-8725-f14df066e7d7:NORMAL:172.20.0.2:50010|RBW]]} size 0
2018-04-01 20:02:14,661 INFO org.apache.hadoop.hdfs.StateChange: DIR* completeFile: /tmp/hadoop-yarn/staging/history/done_intermediate/root/job_1522627038528_0004-1522627295894-root-streamjob5340609832938899041.jar-1522627334587-1-1-SUCCEEDED-default-1522627299167.jhist_tmp is closed by DFSClient_NONMAPREDUCE_785946977_1
2018-04-01 20:02:14,682 INFO org.apache.hadoop.hdfs.StateChange: BLOCK* allocate blk_1073741896_1072{UCState=UNDER_CONSTRUCTION, truncateBlock=null, primaryNodeIndex=-1, replicas=[ReplicaUC[[DISK]DS-ef9a5443-f667-4e9d-8725-f14df066e7d7:NORMAL:172.20.0.2:50010|RBW]]} for /tmp/hadoop-yarn/staging/history/done_intermediate/root/job_1522627038528_0004_conf.xml_tmp
2018-04-01 20:02:14,690 INFO BlockStateChange: BLOCK* addStoredBlock: blockMap updated: 172.20.0.2:50010 is added to blk_1073741896_1072{UCState=UNDER_CONSTRUCTION, truncateBlock=null, primaryNodeIndex=-1, replicas=[ReplicaUC[[DISK]DS-ef9a5443-f667-4e9d-8725-f14df066e7d7:NORMAL:172.20.0.2:50010|RBW]]} size 0
2018-04-01 20:02:14,692 INFO org.apache.hadoop.hdfs.StateChange: DIR* completeFile: /tmp/hadoop-yarn/staging/history/done_intermediate/root/job_1522627038528_0004_conf.xml_tmp is closed by DFSClient_NONMAPREDUCE_785946977_1
2018-04-01 20:02:15,729 INFO BlockStateChange: BLOCK* addToInvalidates: blk_1073741887_1063 172.20.0.2:50010 
2018-04-01 20:02:15,729 INFO BlockStateChange: BLOCK* addToInvalidates: blk_1073741888_1064 172.20.0.2:50010 
2018-04-01 20:02:15,729 INFO BlockStateChange: BLOCK* addToInvalidates: blk_1073741889_1065 172.20.0.2:50010 
2018-04-01 20:02:15,729 INFO BlockStateChange: BLOCK* addToInvalidates: blk_1073741890_1066 172.20.0.2:50010 
2018-04-01 20:02:15,729 INFO BlockStateChange: BLOCK* addToInvalidates: blk_1073741892_1068 172.20.0.2:50010 
2018-04-01 20:02:15,729 INFO BlockStateChange: BLOCK* addToInvalidates: blk_1073741891_1067 172.20.0.2:50010 
2018-04-01 20:02:16,801 INFO BlockStateChange: BLOCK* BlockManager: ask 172.20.0.2:50010 to delete [blk_1073741888_1064, blk_1073741889_1065, blk_1073741890_1066, blk_1073741891_1067, blk_1073741892_1068, blk_1073741887_1063]
